2013-01-08 21:21:45 Error: [MissingControllerException] Controller class JsController could not be found.
#0 /var/www/parfait/app/webroot/index.php(92): Dispatcher->dispatch(Object(CakeRequest), Object(CakeResponse))
#1 {main}
2013-01-08 21:35:00 Error: [MissingControllerException] Controller class JsController could not be found.
#0 /var/www/parfait/app/webroot/index.php(92): Dispatcher->dispatch(Object(CakeRequest), Object(CakeResponse))
#1 {main}
2013-01-08 21:47:28 Error: [MissingControllerException] Controller class JsController could not be found.
#0 /var/www/parfait/app/webroot/index.php(92): Dispatcher->dispatch(Object(CakeRequest), Object(CakeResponse))
#1 {main}
2013-01-08 21:47:30 Error: [MissingControllerException] Controller class JsController could not be found.
#0 /var/www/parfait/app/webroot/index.php(92): Dispatcher->dispatch(Object(CakeRequest), Object(CakeResponse))
#1 {main}
2013-01-08 21:56:12 Error: [MissingControllerException] Controller class JsController could not be found.
#0 /var/www/parfait/app/webroot/index.php(92): Dispatcher->dispatch(Object(CakeRequest), Object(CakeResponse))
#1 {main}
2013-01-08 22:01:10 Error: [MissingControllerException] Controller class JsController could not be found.
#0 /var/www/parfait/app/webroot/index.php(92): Dispatcher->dispatch(Object(CakeRequest), Object(CakeResponse))
#1 {main}
2013-01-08 22:16:34 Error: [MissingControllerException] Controller class JsController could not be found.
#0 /var/www/parfait/app/webroot/index.php(92): Dispatcher->dispatch(Object(CakeRequest), Object(CakeResponse))
#1 {main}
2013-01-08 22:29:49 Error: [MissingControllerException] Controller class JsController could not be found.
#0 /var/www/parfait/app/webroot/index.php(92): Dispatcher->dispatch(Object(CakeRequest), Object(CakeResponse))
#1 {main}
2013-01-08 22:31:07 Error: [MissingControllerException] Controller class JsController could not be found.
#0 /var/www/parfait/app/webroot/index.php(92): Dispatcher->dispatch(Object(CakeRequest), Object(CakeResponse))
#1 {main}
2013-01-08 22:31:28 Error: [MissingControllerException] Controller class JsController could not be found.
#0 /var/www/parfait/app/webroot/index.php(92): Dispatcher->dispatch(Object(CakeRequest), Object(CakeResponse))
#1 {main}
2013-01-09 22:54:19 Error: [MissingControllerException] Controller class JsController could not be found.
#0 /var/www/parfait/app/webroot/index.php(92): Dispatcher->dispatch(Object(CakeRequest), Object(CakeResponse))
#1 {main}
2013-02-02 21:42:56 Error: [MissingControllerException] Controller class JsController could not be found.
#0 /var/www/parfait/app/webroot/index.php(92): Dispatcher->dispatch(Object(CakeRequest), Object(CakeResponse))
#1 {main}
2013-02-02 21:43:00 Error: [MissingControllerException] Controller class JsController could not be found.
#0 /var/www/parfait/app/webroot/index.php(92): Dispatcher->dispatch(Object(CakeRequest), Object(CakeResponse))
#1 {main}
2013-02-04 17:05:22 Error: [MissingControllerException] Controller class JsController could not be found.
#0 /var/www/parfait/app/webroot/index.php(92): Dispatcher->dispatch(Object(CakeRequest), Object(CakeResponse))
#1 {main}
2013-02-04 17:06:01 Error: [MissingControllerException] Controller class JsController could not be found.
#0 /var/www/parfait/app/webroot/index.php(92): Dispatcher->dispatch(Object(CakeRequest), Object(CakeResponse))
#1 {main}
2013-02-04 17:09:17 Error: [MissingControllerException] Controller class JsController could not be found.
#0 /var/www/parfait/app/webroot/index.php(92): Dispatcher->dispatch(Object(CakeRequest), Object(CakeResponse))
#1 {main}
2013-02-04 17:09:19 Error: [MissingControllerException] Controller class JsController could not be found.
#0 /var/www/parfait/app/webroot/index.php(92): Dispatcher->dispatch(Object(CakeRequest), Object(CakeResponse))
#1 {main}
2013-02-04 17:09:37 Error: [MissingControllerException] Controller class JsController could not be found.
#0 /var/www/parfait/app/webroot/index.php(92): Dispatcher->dispatch(Object(CakeRequest), Object(CakeResponse))
#1 {main}
2013-02-04 17:09:39 Error: [MissingControllerException] Controller class JsController could not be found.
#0 /var/www/parfait/app/webroot/index.php(92): Dispatcher->dispatch(Object(CakeRequest), Object(CakeResponse))
#1 {main}
2013-02-04 17:10:29 Error: [MissingControllerException] Controller class JsController could not be found.
#0 /var/www/parfait/app/webroot/index.php(92): Dispatcher->dispatch(Object(CakeRequest), Object(CakeResponse))
#1 {main}
2013-02-07 12:06:43 Error: [MissingControllerException] Controller class JsController could not be found.
#0 /var/www/parfait/app/webroot/index.php(92): Dispatcher->dispatch(Object(CakeRequest), Object(CakeResponse))
#1 {main}
2013-02-07 18:01:07 Error: [MissingControllerException] Controller class JsController could not be found.
#0 /var/www/parfait/app/webroot/index.php(92): Dispatcher->dispatch(Object(CakeRequest), Object(CakeResponse))
#1 {main}
2013-02-17 11:08:10 Error: [MissingControllerException] Controller class JsController could not be found.
#0 /var/www/parfait/app/webroot/index.php(92): Dispatcher->dispatch(Object(CakeRequest), Object(CakeResponse))
#1 {main}
2013-02-17 11:08:10 Error: [MissingControllerException] Controller class JsController could not be found.
#0 /var/www/parfait/app/webroot/index.php(92): Dispatcher->dispatch(Object(CakeRequest), Object(CakeResponse))
#1 {main}
2013-02-18 19:42:41 Error: [MissingControllerException] Controller class JsController could not be found.
#0 /var/www/parfait/app/webroot/index.php(92): Dispatcher->dispatch(Object(CakeRequest), Object(CakeResponse))
#1 {main}
2013-02-20 01:35:24 Error: [MissingControllerException] Controller class JsController could not be found.
#0 /var/www/parfait/app/webroot/index.php(92): Dispatcher->dispatch(Object(CakeRequest), Object(CakeResponse))
#1 {main}
2013-02-20 01:40:15 Error: [MissingControllerException] Controller class JsController could not be found.
#0 /var/www/parfait/app/webroot/index.php(92): Dispatcher->dispatch(Object(CakeRequest), Object(CakeResponse))
#1 {main}
2013-02-20 01:40:40 Error: [MissingControllerException] Controller class JsController could not be found.
#0 /var/www/parfait/app/webroot/index.php(92): Dispatcher->dispatch(Object(CakeRequest), Object(CakeResponse))
#1 {main}
2013-02-20 01:41:02 Error: [MissingControllerException] Controller class JsController could not be found.
#0 /var/www/parfait/app/webroot/index.php(92): Dispatcher->dispatch(Object(CakeRequest), Object(CakeResponse))
#1 {main}
2013-02-20 01:41:22 Error: [MissingControllerException] Controller class JsController could not be found.
#0 /var/www/parfait/app/webroot/index.php(92): Dispatcher->dispatch(Object(CakeRequest), Object(CakeResponse))
#1 {main}
2013-02-20 01:41:43 Error: [MissingControllerException] Controller class JsController could not be found.
#0 /var/www/parfait/app/webroot/index.php(92): Dispatcher->dispatch(Object(CakeRequest), Object(CakeResponse))
#1 {main}
2013-02-20 01:41:45 Error: [MissingControllerException] Controller class JsController could not be found.
#0 /var/www/parfait/app/webroot/index.php(92): Dispatcher->dispatch(Object(CakeRequest), Object(CakeResponse))
#1 {main}
2013-02-20 01:42:04 Error: [MissingControllerException] Controller class JsController could not be found.
#0 /var/www/parfait/app/webroot/index.php(92): Dispatcher->dispatch(Object(CakeRequest), Object(CakeResponse))
#1 {main}
2013-02-20 01:42:36 Error: [MissingControllerException] Controller class JsController could not be found.
#0 /var/www/parfait/app/webroot/index.php(92): Dispatcher->dispatch(Object(CakeRequest), Object(CakeResponse))
#1 {main}
2013-02-20 01:42:38 Error: [MissingControllerException] Controller class JsController could not be found.
#0 /var/www/parfait/app/webroot/index.php(92): Dispatcher->dispatch(Object(CakeRequest), Object(CakeResponse))
#1 {main}
2013-02-20 01:43:09 Error: [MissingControllerException] Controller class JsController could not be found.
#0 /var/www/parfait/app/webroot/index.php(92): Dispatcher->dispatch(Object(CakeRequest), Object(CakeResponse))
#1 {main}
2013-02-20 01:43:11 Error: [MissingControllerException] Controller class JsController could not be found.
#0 /var/www/parfait/app/webroot/index.php(92): Dispatcher->dispatch(Object(CakeRequest), Object(CakeResponse))
#1 {main}
2013-02-20 01:43:30 Error: [MissingControllerException] Controller class JsController could not be found.
#0 /var/www/parfait/app/webroot/index.php(92): Dispatcher->dispatch(Object(CakeRequest), Object(CakeResponse))
#1 {main}
2013-02-20 01:44:00 Error: [MissingControllerException] Controller class JsController could not be found.
#0 /var/www/parfait/app/webroot/index.php(92): Dispatcher->dispatch(Object(CakeRequest), Object(CakeResponse))
#1 {main}
2013-02-20 01:44:24 Error: [MissingControllerException] Controller class JsController could not be found.
#0 /var/www/parfait/app/webroot/index.php(92): Dispatcher->dispatch(Object(CakeRequest), Object(CakeResponse))
#1 {main}
2013-02-20 01:44:49 Error: [MissingControllerException] Controller class JsController could not be found.
#0 /var/www/parfait/app/webroot/index.php(92): Dispatcher->dispatch(Object(CakeRequest), Object(CakeResponse))
#1 {main}
2013-02-20 01:45:12 Error: [MissingControllerException] Controller class JsController could not be found.
#0 /var/www/parfait/app/webroot/index.php(92): Dispatcher->dispatch(Object(CakeRequest), Object(CakeResponse))
#1 {main}
2013-02-20 01:45:29 Error: [MissingControllerException] Controller class JsController could not be found.
#0 /var/www/parfait/app/webroot/index.php(92): Dispatcher->dispatch(Object(CakeRequest), Object(CakeResponse))
#1 {main}
2013-02-20 01:48:34 Error: [MissingControllerException] Controller class JsController could not be found.
#0 /var/www/parfait/app/webroot/index.php(92): Dispatcher->dispatch(Object(CakeRequest), Object(CakeResponse))
#1 {main}
2013-02-20 01:48:58 Error: [MissingControllerException] Controller class JsController could not be found.
#0 /var/www/parfait/app/webroot/index.php(92): Dispatcher->dispatch(Object(CakeRequest), Object(CakeResponse))
#1 {main}
2013-02-20 01:51:19 Error: [MissingControllerException] Controller class JsController could not be found.
#0 /var/www/parfait/app/webroot/index.php(92): Dispatcher->dispatch(Object(CakeRequest), Object(CakeResponse))
#1 {main}
2013-02-20 01:51:19 Error: [MissingControllerException] Controller class JsController could not be found.
#0 /var/www/parfait/app/webroot/index.php(92): Dispatcher->dispatch(Object(CakeRequest), Object(CakeResponse))
#1 {main}
2013-02-20 01:51:57 Error: [MissingControllerException] Controller class JsController could not be found.
#0 /var/www/parfait/app/webroot/index.php(92): Dispatcher->dispatch(Object(CakeRequest), Object(CakeResponse))
#1 {main}
2013-02-20 01:52:12 Error: [MissingControllerException] Controller class JsController could not be found.
#0 /var/www/parfait/app/webroot/index.php(92): Dispatcher->dispatch(Object(CakeRequest), Object(CakeResponse))
#1 {main}
2013-02-20 01:55:14 Error: [MissingControllerException] Controller class JsController could not be found.
#0 /var/www/parfait/app/webroot/index.php(92): Dispatcher->dispatch(Object(CakeRequest), Object(CakeResponse))
#1 {main}
2013-02-20 20:22:20 Error: [MissingControllerException] Controller class JsController could not be found.
#0 /var/www/parfait/app/webroot/index.php(92): Dispatcher->dispatch(Object(CakeRequest), Object(CakeResponse))
#1 {main}
2013-02-20 20:24:13 Error: [MissingControllerException] Controller class JsController could not be found.
#0 /var/www/parfait/app/webroot/index.php(92): Dispatcher->dispatch(Object(CakeRequest), Object(CakeResponse))
#1 {main}
2013-02-20 20:35:58 Error: [MissingControllerException] Controller class JsController could not be found.
#0 /var/www/parfait/app/webroot/index.php(92): Dispatcher->dispatch(Object(CakeRequest), Object(CakeResponse))
#1 {main}
2013-02-20 20:36:07 Error: [MissingControllerException] Controller class JsController could not be found.
#0 /var/www/parfait/app/webroot/index.php(92): Dispatcher->dispatch(Object(CakeRequest), Object(CakeResponse))
#1 {main}
2013-02-20 20:36:57 Error: [MissingControllerException] Controller class JsController could not be found.
#0 /var/www/parfait/app/webroot/index.php(92): Dispatcher->dispatch(Object(CakeRequest), Object(CakeResponse))
#1 {main}
2013-02-20 20:37:22 Error: [MissingControllerException] Controller class JsController could not be found.
#0 /var/www/parfait/app/webroot/index.php(92): Dispatcher->dispatch(Object(CakeRequest), Object(CakeResponse))
#1 {main}
2013-02-20 20:38:19 Error: [MissingControllerException] Controller class JsController could not be found.
#0 /var/www/parfait/app/webroot/index.php(92): Dispatcher->dispatch(Object(CakeRequest), Object(CakeResponse))
#1 {main}
2013-02-20 20:38:42 Error: [MissingControllerException] Controller class JsController could not be found.
#0 /var/www/parfait/app/webroot/index.php(92): Dispatcher->dispatch(Object(CakeRequest), Object(CakeResponse))
#1 {main}
2013-02-20 20:39:09 Error: [MissingControllerException] Controller class JsController could not be found.
#0 /var/www/parfait/app/webroot/index.php(92): Dispatcher->dispatch(Object(CakeRequest), Object(CakeResponse))
#1 {main}
2013-02-20 20:40:03 Error: [MissingControllerException] Controller class JsController could not be found.
#0 /var/www/parfait/app/webroot/index.php(92): Dispatcher->dispatch(Object(CakeRequest), Object(CakeResponse))
#1 {main}
2013-02-20 20:40:10 Error: [MissingControllerException] Controller class JsController could not be found.
#0 /var/www/parfait/app/webroot/index.php(92): Dispatcher->dispatch(Object(CakeRequest), Object(CakeResponse))
#1 {main}
2013-02-20 20:40:18 Error: [MissingControllerException] Controller class JsController could not be found.
#0 /var/www/parfait/app/webroot/index.php(92): Dispatcher->dispatch(Object(CakeRequest), Object(CakeResponse))
#1 {main}
2013-02-20 20:40:42 Error: [MissingControllerException] Controller class JsController could not be found.
#0 /var/www/parfait/app/webroot/index.php(92): Dispatcher->dispatch(Object(CakeRequest), Object(CakeResponse))
#1 {main}
2013-02-20 20:41:23 Error: [MissingControllerException] Controller class JsController could not be found.
#0 /var/www/parfait/app/webroot/index.php(92): Dispatcher->dispatch(Object(CakeRequest), Object(CakeResponse))
#1 {main}
2013-02-20 20:48:19 Error: [MissingControllerException] Controller class JsController could not be found.
#0 /var/www/parfait/app/webroot/index.php(92): Dispatcher->dispatch(Object(CakeRequest), Object(CakeResponse))
#1 {main}
2013-02-20 20:49:01 Error: [MissingControllerException] Controller class JsController could not be found.
#0 /var/www/parfait/app/webroot/index.php(92): Dispatcher->dispatch(Object(CakeRequest), Object(CakeResponse))
#1 {main}
2013-02-20 20:51:44 Error: [MissingControllerException] Controller class JsController could not be found.
#0 /var/www/parfait/app/webroot/index.php(92): Dispatcher->dispatch(Object(CakeRequest), Object(CakeResponse))
#1 {main}
2013-02-20 20:51:58 Error: [MissingControllerException] Controller class JsController could not be found.
#0 /var/www/parfait/app/webroot/index.php(92): Dispatcher->dispatch(Object(CakeRequest), Object(CakeResponse))
#1 {main}
2013-02-20 20:51:58 Error: [MissingControllerException] Controller class JsController could not be found.
#0 /var/www/parfait/app/webroot/index.php(92): Dispatcher->dispatch(Object(CakeRequest), Object(CakeResponse))
#1 {main}
2013-02-20 20:52:22 Error: [MissingControllerException] Controller class JsController could not be found.
#0 /var/www/parfait/app/webroot/index.php(92): Dispatcher->dispatch(Object(CakeRequest), Object(CakeResponse))
#1 {main}
2013-02-20 20:57:47 Error: [MissingControllerException] Controller class JsController could not be found.
#0 /var/www/parfait/app/webroot/index.php(92): Dispatcher->dispatch(Object(CakeRequest), Object(CakeResponse))
#1 {main}
2013-02-20 21:01:29 Error: [MissingControllerException] Controller class JsController could not be found.
#0 /var/www/parfait/app/webroot/index.php(92): Dispatcher->dispatch(Object(CakeRequest), Object(CakeResponse))
#1 {main}
2013-02-20 21:02:39 Error: [MissingControllerException] Controller class JsController could not be found.
#0 /var/www/parfait/app/webroot/index.php(92): Dispatcher->dispatch(Object(CakeRequest), Object(CakeResponse))
#1 {main}
2013-02-20 21:02:39 Error: [MissingControllerException] Controller class JsController could not be found.
#0 /var/www/parfait/app/webroot/index.php(92): Dispatcher->dispatch(Object(CakeRequest), Object(CakeResponse))
#1 {main}
2013-02-20 21:03:32 Error: [MissingControllerException] Controller class JsController could not be found.
#0 /var/www/parfait/app/webroot/index.php(92): Dispatcher->dispatch(Object(CakeRequest), Object(CakeResponse))
#1 {main}
2013-02-20 21:03:32 Error: [MissingControllerException] Controller class JsController could not be found.
#0 /var/www/parfait/app/webroot/index.php(92): Dispatcher->dispatch(Object(CakeRequest), Object(CakeResponse))
#1 {main}
2013-02-20 21:03:45 Error: [MissingControllerException] Controller class JsController could not be found.
#0 /var/www/parfait/app/webroot/index.php(92): Dispatcher->dispatch(Object(CakeRequest), Object(CakeResponse))
#1 {main}
2013-02-20 23:24:50 Error: [MissingControllerException] Controller class JsController could not be found.
#0 /var/www/parfait/app/webroot/index.php(92): Dispatcher->dispatch(Object(CakeRequest), Object(CakeResponse))
#1 {main}
2013-02-20 23:24:50 Error: [MissingControllerException] Controller class JsController could not be found.
#0 /var/www/parfait/app/webroot/index.php(92): Dispatcher->dispatch(Object(CakeRequest), Object(CakeResponse))
#1 {main}
2013-02-20 23:26:32 Error: [MissingControllerException] Controller class JsController could not be found.
#0 /var/www/parfait/app/webroot/index.php(92): Dispatcher->dispatch(Object(CakeRequest), Object(CakeResponse))
#1 {main}
2013-02-20 23:29:25 Error: [MissingControllerException] Controller class JsController could not be found.
#0 /var/www/parfait/app/webroot/index.php(92): Dispatcher->dispatch(Object(CakeRequest), Object(CakeResponse))
#1 {main}
2013-02-20 23:29:25 Error: [MissingControllerException] Controller class JsController could not be found.
#0 /var/www/parfait/app/webroot/index.php(92): Dispatcher->dispatch(Object(CakeRequest), Object(CakeResponse))
#1 {main}
2013-02-20 23:35:23 Error: [MissingControllerException] Controller class JsController could not be found.
#0 /var/www/parfait/app/webroot/index.php(92): Dispatcher->dispatch(Object(CakeRequest), Object(CakeResponse))
#1 {main}
2013-02-20 23:36:54 Error: [MissingControllerException] Controller class JsController could not be found.
#0 /var/www/parfait/app/webroot/index.php(92): Dispatcher->dispatch(Object(CakeRequest), Object(CakeResponse))
#1 {main}
2013-02-20 23:37:23 Error: [MissingControllerException] Controller class JsController could not be found.
#0 /var/www/parfait/app/webroot/index.php(92): Dispatcher->dispatch(Object(CakeRequest), Object(CakeResponse))
#1 {main}
2013-02-20 23:43:20 Error: [MissingControllerException] Controller class JsController could not be found.
#0 /var/www/parfait/app/webroot/index.php(92): Dispatcher->dispatch(Object(CakeRequest), Object(CakeResponse))
#1 {main}
2013-02-20 23:45:56 Error: [MissingControllerException] Controller class JsController could not be found.
#0 /var/www/parfait/app/webroot/index.php(92): Dispatcher->dispatch(Object(CakeRequest), Object(CakeResponse))
#1 {main}
2013-02-20 23:49:50 Error: [MissingControllerException] Controller class JsController could not be found.
#0 /var/www/parfait/app/webroot/index.php(92): Dispatcher->dispatch(Object(CakeRequest), Object(CakeResponse))
#1 {main}
2013-02-20 23:50:28 Error: [MissingControllerException] Controller class JsController could not be found.
#0 /var/www/parfait/app/webroot/index.php(92): Dispatcher->dispatch(Object(CakeRequest), Object(CakeResponse))
#1 {main}
2013-02-20 23:50:56 Error: [MissingControllerException] Controller class JsController could not be found.
#0 /var/www/parfait/app/webroot/index.php(92): Dispatcher->dispatch(Object(CakeRequest), Object(CakeResponse))
#1 {main}
2013-02-20 23:52:47 Error: [MissingControllerException] Controller class JsController could not be found.
#0 /var/www/parfait/app/webroot/index.php(92): Dispatcher->dispatch(Object(CakeRequest), Object(CakeResponse))
#1 {main}
2013-02-23 13:16:20 Error: [MissingControllerException] Controller class JsController could not be found.
#0 /var/www/parfait/app/webroot/index.php(92): Dispatcher->dispatch(Object(CakeRequest), Object(CakeResponse))
#1 {main}
2013-02-23 20:11:33 Error: [MissingControllerException] Controller class JsController could not be found.
#0 /var/www/parfait/app/webroot/index.php(92): Dispatcher->dispatch(Object(CakeRequest), Object(CakeResponse))
#1 {main}
2013-02-23 20:11:43 Error: [MissingControllerException] Controller class JsController could not be found.
#0 /var/www/parfait/app/webroot/index.php(92): Dispatcher->dispatch(Object(CakeRequest), Object(CakeResponse))
#1 {main}
2013-02-23 21:07:50 Error: [MissingControllerException] Controller class JsController could not be found.
#0 /var/www/parfait/app/webroot/index.php(92): Dispatcher->dispatch(Object(CakeRequest), Object(CakeResponse))
#1 {main}
2013-02-23 21:21:49 Error: [MissingControllerException] Controller class JsController could not be found.
#0 /var/www/parfait/app/webroot/index.php(92): Dispatcher->dispatch(Object(CakeRequest), Object(CakeResponse))
#1 {main}
2013-02-23 21:24:26 Error: Fatal Error (4): syntax error, unexpected '=' in [/var/www/parfait/app/View/Pages/home.ctp, line 7]
2013-02-23 21:24:26 Error: [FatalErrorException] syntax error, unexpected '='
#0 /var/www/parfait/lib/Cake/Error/ErrorHandler.php(162): ErrorHandler::handleFatalError(4, 'syntax error, u...', '/var/www/parfai...', 7)
#1 [internal function]: ErrorHandler::handleError(4, 'syntax error, u...', '/var/www/parfai...', 7, Array)
#2 /var/www/parfait/lib/Cake/Core/App.php(926): call_user_func('ErrorHandler::h...', 4, 'syntax error, u...', '/var/www/parfai...', 7, Array)
#3 /var/www/parfait/lib/Cake/Core/App.php(899): App::_checkFatalError()
#4 [internal function]: App::shutdown()
#5 {main}
2013-02-23 21:25:34 Error: Fatal Error (4): syntax error, unexpected '=' in [/var/www/parfait/app/View/Pages/home.ctp, line 7]
2013-02-23 21:25:34 Error: [FatalErrorException] syntax error, unexpected '='
#0 /var/www/parfait/lib/Cake/Error/ErrorHandler.php(162): ErrorHandler::handleFatalError(4, 'syntax error, u...', '/var/www/parfai...', 7)
#1 [internal function]: ErrorHandler::handleError(4, 'syntax error, u...', '/var/www/parfai...', 7, Array)
#2 /var/www/parfait/lib/Cake/Core/App.php(926): call_user_func('ErrorHandler::h...', 4, 'syntax error, u...', '/var/www/parfai...', 7, Array)
#3 /var/www/parfait/lib/Cake/Core/App.php(899): App::_checkFatalError()
#4 [internal function]: App::shutdown()
#5 {main}
2013-02-23 21:26:26 Error: Fatal Error (4): syntax error, unexpected '=' in [/var/www/parfait/app/View/Pages/home.ctp, line 7]
2013-02-23 21:26:26 Error: [FatalErrorException] syntax error, unexpected '='
#0 /var/www/parfait/lib/Cake/Error/ErrorHandler.php(162): ErrorHandler::handleFatalError(4, 'syntax error, u...', '/var/www/parfai...', 7)
#1 [internal function]: ErrorHandler::handleError(4, 'syntax error, u...', '/var/www/parfai...', 7, Array)
#2 /var/www/parfait/lib/Cake/Core/App.php(926): call_user_func('ErrorHandler::h...', 4, 'syntax error, u...', '/var/www/parfai...', 7, Array)
#3 /var/www/parfait/lib/Cake/Core/App.php(899): App::_checkFatalError()
#4 [internal function]: App::shutdown()
#5 {main}
2013-02-23 21:26:33 Error: Fatal Error (4): syntax error, unexpected '=' in [/var/www/parfait/app/View/Pages/home.ctp, line 7]
2013-02-23 21:26:33 Error: [FatalErrorException] syntax error, unexpected '='
#0 /var/www/parfait/lib/Cake/Error/ErrorHandler.php(162): ErrorHandler::handleFatalError(4, 'syntax error, u...', '/var/www/parfai...', 7)
#1 [internal function]: ErrorHandler::handleError(4, 'syntax error, u...', '/var/www/parfai...', 7, Array)
#2 /var/www/parfait/lib/Cake/Core/App.php(926): call_user_func('ErrorHandler::h...', 4, 'syntax error, u...', '/var/www/parfai...', 7, Array)
#3 /var/www/parfait/lib/Cake/Core/App.php(899): App::_checkFatalError()
#4 [internal function]: App::shutdown()
#5 {main}
2013-02-23 21:26:51 Error: [MissingControllerException] Controller class JsController could not be found.
#0 /var/www/parfait/app/webroot/index.php(92): Dispatcher->dispatch(Object(CakeRequest), Object(CakeResponse))
#1 {main}
2013-02-23 21:55:06 Error: [MissingControllerException] Controller class JsController could not be found.
#0 /var/www/parfait/app/webroot/index.php(92): Dispatcher->dispatch(Object(CakeRequest), Object(CakeResponse))
#1 {main}
2013-02-23 21:55:06 Error: [MissingControllerException] Controller class JsController could not be found.
#0 /var/www/parfait/app/webroot/index.php(92): Dispatcher->dispatch(Object(CakeRequest), Object(CakeResponse))
#1 {main}
2013-02-23 21:56:00 Error: [MissingControllerException] Controller class JsController could not be found.
#0 /var/www/parfait/app/webroot/index.php(92): Dispatcher->dispatch(Object(CakeRequest), Object(CakeResponse))
#1 {main}
2013-02-23 22:04:36 Error: [MissingControllerException] Controller class JsController could not be found.
#0 /var/www/parfait/app/webroot/index.php(92): Dispatcher->dispatch(Object(CakeRequest), Object(CakeResponse))
#1 {main}
2013-02-23 22:04:54 Error: [MissingControllerException] Controller class JsController could not be found.
#0 /var/www/parfait/app/webroot/index.php(92): Dispatcher->dispatch(Object(CakeRequest), Object(CakeResponse))
#1 {main}
2013-02-23 22:07:31 Error: [MissingControllerException] Controller class JsController could not be found.
#0 /var/www/parfait/app/webroot/index.php(92): Dispatcher->dispatch(Object(CakeRequest), Object(CakeResponse))
#1 {main}
2013-02-23 22:08:04 Error: [MissingControllerException] Controller class JsController could not be found.
#0 /var/www/parfait/app/webroot/index.php(92): Dispatcher->dispatch(Object(CakeRequest), Object(CakeResponse))
#1 {main}
2013-02-23 22:08:44 Error: [MissingControllerException] Controller class JsController could not be found.
#0 /var/www/parfait/app/webroot/index.php(92): Dispatcher->dispatch(Object(CakeRequest), Object(CakeResponse))
#1 {main}
2013-02-23 22:09:23 Error: [MissingControllerException] Controller class JsController could not be found.
#0 /var/www/parfait/app/webroot/index.php(92): Dispatcher->dispatch(Object(CakeRequest), Object(CakeResponse))
#1 {main}
2013-02-23 22:19:58 Error: Fatal Error (4): syntax error, unexpected '=' in [/var/www/parfait/app/View/Elements/header.ctp, line 43]
2013-02-23 22:19:58 Error: [FatalErrorException] syntax error, unexpected '='
#0 /var/www/parfait/lib/Cake/Error/ErrorHandler.php(162): ErrorHandler::handleFatalError(4, 'syntax error, u...', '/var/www/parfai...', 43)
#1 [internal function]: ErrorHandler::handleError(4, 'syntax error, u...', '/var/www/parfai...', 43, Array)
#2 /var/www/parfait/lib/Cake/Core/App.php(926): call_user_func('ErrorHandler::h...', 4, 'syntax error, u...', '/var/www/parfai...', 43, Array)
#3 /var/www/parfait/lib/Cake/Core/App.php(899): App::_checkFatalError()
#4 [internal function]: App::shutdown()
#5 {main}
2013-02-23 22:24:04 Error: [MissingControllerException] Controller class JsController could not be found.
#0 /var/www/parfait/app/webroot/index.php(92): Dispatcher->dispatch(Object(CakeRequest), Object(CakeResponse))
#1 {main}
2013-02-24 00:42:32 Error: [MissingControllerException] Controller class JsController could not be found.
#0 /var/www/parfait/app/webroot/index.php(92): Dispatcher->dispatch(Object(CakeRequest), Object(CakeResponse))
#1 {main}
2013-02-24 00:43:41 Error: [MissingControllerException] Controller class JsController could not be found.
#0 /var/www/parfait/app/webroot/index.php(92): Dispatcher->dispatch(Object(CakeRequest), Object(CakeResponse))
#1 {main}
2013-02-24 00:44:16 Error: [MissingControllerException] Controller class JsController could not be found.
#0 /var/www/parfait/app/webroot/index.php(92): Dispatcher->dispatch(Object(CakeRequest), Object(CakeResponse))
#1 {main}
2013-02-24 00:44:26 Error: [MissingControllerException] Controller class JsController could not be found.
#0 /var/www/parfait/app/webroot/index.php(92): Dispatcher->dispatch(Object(CakeRequest), Object(CakeResponse))
#1 {main}
2013-02-24 00:44:36 Error: [MissingControllerException] Controller class JsController could not be found.
#0 /var/www/parfait/app/webroot/index.php(92): Dispatcher->dispatch(Object(CakeRequest), Object(CakeResponse))
#1 {main}
2013-02-24 00:44:55 Error: [MissingControllerException] Controller class JsController could not be found.
#0 /var/www/parfait/app/webroot/index.php(92): Dispatcher->dispatch(Object(CakeRequest), Object(CakeResponse))
#1 {main}
2013-02-24 01:40:45 Error: [MissingControllerException] Controller class JsController could not be found.
#0 /var/www/parfait/app/webroot/index.php(92): Dispatcher->dispatch(Object(CakeRequest), Object(CakeResponse))
#1 {main}
2013-02-24 01:53:26 Error: [MissingControllerException] Controller class JsController could not be found.
#0 /var/www/parfait/app/webroot/index.php(92): Dispatcher->dispatch(Object(CakeRequest), Object(CakeResponse))
#1 {main}
2013-02-24 01:55:39 Error: [MissingControllerException] Controller class JsController could not be found.
#0 /var/www/parfait/app/webroot/index.php(92): Dispatcher->dispatch(Object(CakeRequest), Object(CakeResponse))
#1 {main}
2013-02-24 01:56:13 Error: [MissingControllerException] Controller class JsController could not be found.
#0 /var/www/parfait/app/webroot/index.php(92): Dispatcher->dispatch(Object(CakeRequest), Object(CakeResponse))
#1 {main}
2013-02-24 01:57:02 Error: [MissingControllerException] Controller class JsController could not be found.
#0 /var/www/parfait/app/webroot/index.php(92): Dispatcher->dispatch(Object(CakeRequest), Object(CakeResponse))
#1 {main}
2013-02-24 01:57:37 Error: [MissingControllerException] Controller class JsController could not be found.
#0 /var/www/parfait/app/webroot/index.php(92): Dispatcher->dispatch(Object(CakeRequest), Object(CakeResponse))
#1 {main}
2013-02-24 01:57:54 Error: [MissingControllerException] Controller class JsController could not be found.
#0 /var/www/parfait/app/webroot/index.php(92): Dispatcher->dispatch(Object(CakeRequest), Object(CakeResponse))
#1 {main}
2013-02-24 01:58:25 Error: [MissingControllerException] Controller class JsController could not be found.
#0 /var/www/parfait/app/webroot/index.php(92): Dispatcher->dispatch(Object(CakeRequest), Object(CakeResponse))
#1 {main}
2013-02-24 02:08:29 Error: [MissingControllerException] Controller class JsController could not be found.
#0 /var/www/parfait/app/webroot/index.php(92): Dispatcher->dispatch(Object(CakeRequest), Object(CakeResponse))
#1 {main}
2013-02-24 16:32:33 Error: [MissingControllerException] Controller class JsController could not be found.
#0 /var/www/parfait/app/webroot/index.php(92): Dispatcher->dispatch(Object(CakeRequest), Object(CakeResponse))
#1 {main}
2013-02-24 16:32:37 Error: [MissingControllerException] Controller class JsController could not be found.
#0 /var/www/parfait/app/webroot/index.php(92): Dispatcher->dispatch(Object(CakeRequest), Object(CakeResponse))
#1 {main}
2013-02-24 16:33:14 Error: [MissingControllerException] Controller class JsController could not be found.
#0 /var/www/parfait/app/webroot/index.php(92): Dispatcher->dispatch(Object(CakeRequest), Object(CakeResponse))
#1 {main}
2013-02-24 16:34:14 Error: [MissingControllerException] Controller class JsController could not be found.
#0 /var/www/parfait/app/webroot/index.php(92): Dispatcher->dispatch(Object(CakeRequest), Object(CakeResponse))
#1 {main}
2013-02-24 16:34:58 Error: [MissingControllerException] Controller class JsController could not be found.
#0 /var/www/parfait/app/webroot/index.php(92): Dispatcher->dispatch(Object(CakeRequest), Object(CakeResponse))
#1 {main}
2013-02-24 16:35:35 Error: [MissingControllerException] Controller class JsController could not be found.
#0 /var/www/parfait/app/webroot/index.php(92): Dispatcher->dispatch(Object(CakeRequest), Object(CakeResponse))
#1 {main}
2013-02-24 16:36:44 Error: [MissingControllerException] Controller class JsController could not be found.
#0 /var/www/parfait/app/webroot/index.php(92): Dispatcher->dispatch(Object(CakeRequest), Object(CakeResponse))
#1 {main}
2013-02-24 16:37:16 Error: [MissingControllerException] Controller class JsController could not be found.
#0 /var/www/parfait/app/webroot/index.php(92): Dispatcher->dispatch(Object(CakeRequest), Object(CakeResponse))
#1 {main}
2013-02-24 16:37:46 Error: [MissingControllerException] Controller class JsController could not be found.
#0 /var/www/parfait/app/webroot/index.php(92): Dispatcher->dispatch(Object(CakeRequest), Object(CakeResponse))
#1 {main}
2013-02-24 16:38:04 Error: [MissingControllerException] Controller class JsController could not be found.
#0 /var/www/parfait/app/webroot/index.php(92): Dispatcher->dispatch(Object(CakeRequest), Object(CakeResponse))
#1 {main}
2013-02-24 16:38:36 Error: [MissingControllerException] Controller class JsController could not be found.
#0 /var/www/parfait/app/webroot/index.php(92): Dispatcher->dispatch(Object(CakeRequest), Object(CakeResponse))
#1 {main}
2013-02-25 11:14:02 Error: [MissingControllerException] Controller class JsController could not be found.
#0 /var/www/parfait/app/webroot/index.php(92): Dispatcher->dispatch(Object(CakeRequest), Object(CakeResponse))
#1 {main}
2013-02-25 11:14:18 Error: [MissingControllerException] Controller class JsController could not be found.
#0 /var/www/parfait/app/webroot/index.php(92): Dispatcher->dispatch(Object(CakeRequest), Object(CakeResponse))
#1 {main}
2013-02-25 11:14:19 Error: [MissingControllerException] Controller class JsController could not be found.
#0 /var/www/parfait/app/webroot/index.php(92): Dispatcher->dispatch(Object(CakeRequest), Object(CakeResponse))
#1 {main}
2013-02-27 10:03:44 Error: [MissingControllerException] Controller class JsController could not be found.
#0 /var/www/parfait/app/webroot/index.php(92): Dispatcher->dispatch(Object(CakeRequest), Object(CakeResponse))
#1 {main}
2013-02-27 10:03:57 Error: [MissingControllerException] Controller class ResourcesController could not be found.
#0 /var/www/parfait/app/webroot/index.php(92): Dispatcher->dispatch(Object(CakeRequest), Object(CakeResponse))
#1 {main}
2013-02-27 10:09:31 Error: [MissingControllerException] Controller class JsController could not be found.
#0 /var/www/parfait/app/webroot/index.php(92): Dispatcher->dispatch(Object(CakeRequest), Object(CakeResponse))
#1 {main}
2013-02-27 10:09:42 Error: [MissingControllerException] Controller class "\pages\resources"Controller could not be found.
#0 /var/www/parfait/app/webroot/index.php(92): Dispatcher->dispatch(Object(CakeRequest), Object(CakeResponse))
#1 {main}
2013-02-27 10:10:02 Error: [MissingControllerException] Controller class "\pages\resources"Controller could not be found.
#0 /var/www/parfait/app/webroot/index.php(92): Dispatcher->dispatch(Object(CakeRequest), Object(CakeResponse))
#1 {main}
2013-02-27 10:10:44 Error: [MissingControllerException] Controller class JsController could not be found.
#0 /var/www/parfait/app/webroot/index.php(92): Dispatcher->dispatch(Object(CakeRequest), Object(CakeResponse))
#1 {main}
2013-02-27 10:10:45 Error: [MissingControllerException] Controller class JsController could not be found.
#0 /var/www/parfait/app/webroot/index.php(92): Dispatcher->dispatch(Object(CakeRequest), Object(CakeResponse))
#1 {main}
2013-02-27 10:10:47 Error: [MissingControllerException] Controller class JsController could not be found.
#0 /var/www/parfait/app/webroot/index.php(92): Dispatcher->dispatch(Object(CakeRequest), Object(CakeResponse))
#1 {main}
2013-02-27 10:41:06 Error: [MissingControllerException] Controller class JsController could not be found.
#0 /var/www/parfait/app/webroot/index.php(92): Dispatcher->dispatch(Object(CakeRequest), Object(CakeResponse))
#1 {main}
2013-02-27 10:41:29 Error: [MissingControllerException] Controller class JsController could not be found.
#0 /var/www/parfait/app/webroot/index.php(92): Dispatcher->dispatch(Object(CakeRequest), Object(CakeResponse))
#1 {main}
2013-02-27 10:42:15 Error: [MissingControllerException] Controller class JsController could not be found.
#0 /var/www/parfait/app/webroot/index.php(92): Dispatcher->dispatch(Object(CakeRequest), Object(CakeResponse))
#1 {main}
2013-02-27 12:11:24 Error: [MissingControllerException] Controller class JsController could not be found.
#0 /var/www/parfait/app/webroot/index.php(92): Dispatcher->dispatch(Object(CakeRequest), Object(CakeResponse))
#1 {main}
2013-02-27 14:02:12 Error: [MissingControllerException] Controller class JsController could not be found.
#0 /var/www/parfait/app/webroot/index.php(92): Dispatcher->dispatch(Object(CakeRequest), Object(CakeResponse))
#1 {main}
2013-02-27 14:02:21 Error: [MissingControllerException] Controller class JsController could not be found.
#0 /var/www/parfait/app/webroot/index.php(92): Dispatcher->dispatch(Object(CakeRequest), Object(CakeResponse))
#1 {main}
2013-02-27 14:03:36 Error: [MissingControllerException] Controller class JsController could not be found.
#0 /var/www/parfait/app/webroot/index.php(92): Dispatcher->dispatch(Object(CakeRequest), Object(CakeResponse))
#1 {main}
2013-02-27 14:03:38 Error: [MissingControllerException] Controller class JsController could not be found.
#0 /var/www/parfait/app/webroot/index.php(92): Dispatcher->dispatch(Object(CakeRequest), Object(CakeResponse))
#1 {main}
2013-02-27 14:05:10 Error: [MissingControllerException] Controller class JsController could not be found.
#0 /var/www/parfait/app/webroot/index.php(92): Dispatcher->dispatch(Object(CakeRequest), Object(CakeResponse))
#1 {main}
2013-02-27 14:06:45 Error: [MissingControllerException] Controller class JsController could not be found.
#0 /var/www/parfait/app/webroot/index.php(92): Dispatcher->dispatch(Object(CakeRequest), Object(CakeResponse))
#1 {main}
2013-02-27 14:11:03 Error: [MissingControllerException] Controller class JsController could not be found.
#0 /var/www/parfait/app/webroot/index.php(92): Dispatcher->dispatch(Object(CakeRequest), Object(CakeResponse))
#1 {main}
2013-02-27 14:16:15 Error: [MissingControllerException] Controller class JsController could not be found.
#0 /var/www/parfait/app/webroot/index.php(92): Dispatcher->dispatch(Object(CakeRequest), Object(CakeResponse))
#1 {main}
2013-02-27 14:23:14 Error: [MissingControllerException] Controller class JsController could not be found.
#0 /var/www/parfait/app/webroot/index.php(92): Dispatcher->dispatch(Object(CakeRequest), Object(CakeResponse))
#1 {main}
2013-02-27 14:23:51 Error: [MissingControllerException] Controller class JsController could not be found.
#0 /var/www/parfait/app/webroot/index.php(92): Dispatcher->dispatch(Object(CakeRequest), Object(CakeResponse))
#1 {main}
2013-02-27 14:23:53 Error: [MissingControllerException] Controller class JsController could not be found.
#0 /var/www/parfait/app/webroot/index.php(92): Dispatcher->dispatch(Object(CakeRequest), Object(CakeResponse))
#1 {main}
2013-02-27 14:24:26 Error: [MissingControllerException] Controller class JsController could not be found.
#0 /var/www/parfait/app/webroot/index.php(92): Dispatcher->dispatch(Object(CakeRequest), Object(CakeResponse))
#1 {main}
2013-02-27 14:31:12 Error: [MissingControllerException] Controller class JsController could not be found.
#0 /var/www/parfait/app/webroot/index.php(92): Dispatcher->dispatch(Object(CakeRequest), Object(CakeResponse))
#1 {main}
2013-02-27 14:31:14 Error: [MissingControllerException] Controller class JsController could not be found.
#0 /var/www/parfait/app/webroot/index.php(92): Dispatcher->dispatch(Object(CakeRequest), Object(CakeResponse))
#1 {main}
2013-02-27 14:37:35 Error: [MissingControllerException] Controller class JsController could not be found.
#0 /var/www/parfait/app/webroot/index.php(92): Dispatcher->dispatch(Object(CakeRequest), Object(CakeResponse))
#1 {main}
2013-02-27 14:37:37 Error: [MissingControllerException] Controller class JsController could not be found.
#0 /var/www/parfait/app/webroot/index.php(92): Dispatcher->dispatch(Object(CakeRequest), Object(CakeResponse))
#1 {main}
2013-02-27 14:40:51 Error: [MissingControllerException] Controller class JsController could not be found.
#0 /var/www/parfait/app/webroot/index.php(92): Dispatcher->dispatch(Object(CakeRequest), Object(CakeResponse))
#1 {main}
2013-02-27 14:40:53 Error: [MissingControllerException] Controller class JsController could not be found.
#0 /var/www/parfait/app/webroot/index.php(92): Dispatcher->dispatch(Object(CakeRequest), Object(CakeResponse))
#1 {main}
2013-02-27 14:40:54 Error: [MissingControllerException] Controller class JsController could not be found.
#0 /var/www/parfait/app/webroot/index.php(92): Dispatcher->dispatch(Object(CakeRequest), Object(CakeResponse))
#1 {main}
2013-02-27 14:45:09 Error: [MissingControllerException] Controller class JsController could not be found.
#0 /var/www/parfait/app/webroot/index.php(92): Dispatcher->dispatch(Object(CakeRequest), Object(CakeResponse))
#1 {main}
2013-02-27 14:45:11 Error: [MissingControllerException] Controller class JsController could not be found.
#0 /var/www/parfait/app/webroot/index.php(92): Dispatcher->dispatch(Object(CakeRequest), Object(CakeResponse))
#1 {main}
2013-02-27 14:48:14 Error: [MissingControllerException] Controller class JsController could not be found.
#0 /var/www/parfait/app/webroot/index.php(92): Dispatcher->dispatch(Object(CakeRequest), Object(CakeResponse))
#1 {main}
2013-02-27 14:50:01 Error: [MissingControllerException] Controller class JsController could not be found.
#0 /var/www/parfait/app/webroot/index.php(92): Dispatcher->dispatch(Object(CakeRequest), Object(CakeResponse))
#1 {main}
2013-02-27 14:50:40 Error: [MissingControllerException] Controller class JsController could not be found.
#0 /var/www/parfait/app/webroot/index.php(92): Dispatcher->dispatch(Object(CakeRequest), Object(CakeResponse))
#1 {main}
2013-02-27 14:51:30 Error: [MissingControllerException] Controller class JsController could not be found.
#0 /var/www/parfait/app/webroot/index.php(92): Dispatcher->dispatch(Object(CakeRequest), Object(CakeResponse))
#1 {main}
2013-02-27 14:53:33 Error: [MissingControllerException] Controller class JsController could not be found.
#0 /var/www/parfait/app/webroot/index.php(92): Dispatcher->dispatch(Object(CakeRequest), Object(CakeResponse))
#1 {main}
2013-02-27 14:54:24 Error: [MissingControllerException] Controller class JsController could not be found.
#0 /var/www/parfait/app/webroot/index.php(92): Dispatcher->dispatch(Object(CakeRequest), Object(CakeResponse))
#1 {main}
2013-02-27 14:54:25 Error: [MissingControllerException] Controller class JsController could not be found.
#0 /var/www/parfait/app/webroot/index.php(92): Dispatcher->dispatch(Object(CakeRequest), Object(CakeResponse))
#1 {main}
2013-02-27 14:58:04 Error: [MissingControllerException] Controller class JsController could not be found.
#0 /var/www/parfait/app/webroot/index.php(92): Dispatcher->dispatch(Object(CakeRequest), Object(CakeResponse))
#1 {main}
2013-02-27 14:58:06 Error: [MissingControllerException] Controller class JsController could not be found.
#0 /var/www/parfait/app/webroot/index.php(92): Dispatcher->dispatch(Object(CakeRequest), Object(CakeResponse))
#1 {main}
2013-02-27 14:59:53 Error: [MissingControllerException] Controller class JsController could not be found.
#0 /var/www/parfait/app/webroot/index.php(92): Dispatcher->dispatch(Object(CakeRequest), Object(CakeResponse))
#1 {main}
2013-02-27 15:06:52 Error: [MissingControllerException] Controller class JsController could not be found.
#0 /var/www/parfait/app/webroot/index.php(92): Dispatcher->dispatch(Object(CakeRequest), Object(CakeResponse))
#1 {main}
2013-02-27 15:06:54 Error: [MissingControllerException] Controller class JsController could not be found.
#0 /var/www/parfait/app/webroot/index.php(92): Dispatcher->dispatch(Object(CakeRequest), Object(CakeResponse))
#1 {main}
2013-02-27 15:06:54 Error: [MissingControllerException] Controller class JsController could not be found.
#0 /var/www/parfait/app/webroot/index.php(92): Dispatcher->dispatch(Object(CakeRequest), Object(CakeResponse))
#1 {main}
2013-02-27 15:07:47 Error: [MissingControllerException] Controller class JsController could not be found.
#0 /var/www/parfait/app/webroot/index.php(92): Dispatcher->dispatch(Object(CakeRequest), Object(CakeResponse))
#1 {main}
2013-02-27 15:08:32 Error: [MissingControllerException] Controller class JsController could not be found.
#0 /var/www/parfait/app/webroot/index.php(92): Dispatcher->dispatch(Object(CakeRequest), Object(CakeResponse))
#1 {main}
2013-02-27 15:08:32 Error: [MissingControllerException] Controller class JsController could not be found.
#0 /var/www/parfait/app/webroot/index.php(92): Dispatcher->dispatch(Object(CakeRequest), Object(CakeResponse))
#1 {main}
2013-02-27 15:08:47 Error: [MissingControllerException] Controller class JsController could not be found.
#0 /var/www/parfait/app/webroot/index.php(92): Dispatcher->dispatch(Object(CakeRequest), Object(CakeResponse))
#1 {main}
2013-02-27 15:09:20 Error: [MissingControllerException] Controller class JsController could not be found.
#0 /var/www/parfait/app/webroot/index.php(92): Dispatcher->dispatch(Object(CakeRequest), Object(CakeResponse))
#1 {main}
2013-02-27 15:09:54 Error: [MissingControllerException] Controller class JsController could not be found.
#0 /var/www/parfait/app/webroot/index.php(92): Dispatcher->dispatch(Object(CakeRequest), Object(CakeResponse))
#1 {main}
2013-02-27 15:10:33 Error: [MissingControllerException] Controller class JsController could not be found.
#0 /var/www/parfait/app/webroot/index.php(92): Dispatcher->dispatch(Object(CakeRequest), Object(CakeResponse))
#1 {main}
2013-02-27 15:13:39 Error: [MissingControllerException] Controller class JsController could not be found.
#0 /var/www/parfait/app/webroot/index.php(92): Dispatcher->dispatch(Object(CakeRequest), Object(CakeResponse))
#1 {main}
2013-02-27 15:14:37 Error: [MissingControllerException] Controller class JsController could not be found.
#0 /var/www/parfait/app/webroot/index.php(92): Dispatcher->dispatch(Object(CakeRequest), Object(CakeResponse))
#1 {main}
2013-02-27 15:14:56 Error: [MissingControllerException] Controller class JsController could not be found.
#0 /var/www/parfait/app/webroot/index.php(92): Dispatcher->dispatch(Object(CakeRequest), Object(CakeResponse))
#1 {main}
2013-02-27 15:14:56 Error: [MissingControllerException] Controller class JsController could not be found.
#0 /var/www/parfait/app/webroot/index.php(92): Dispatcher->dispatch(Object(CakeRequest), Object(CakeResponse))
#1 {main}
2013-02-27 15:15:30 Error: [MissingControllerException] Controller class JsController could not be found.
#0 /var/www/parfait/app/webroot/index.php(92): Dispatcher->dispatch(Object(CakeRequest), Object(CakeResponse))
#1 {main}
2013-02-27 15:16:00 Error: [MissingControllerException] Controller class JsController could not be found.
#0 /var/www/parfait/app/webroot/index.php(92): Dispatcher->dispatch(Object(CakeRequest), Object(CakeResponse))
#1 {main}
2013-02-27 15:16:45 Error: [MissingControllerException] Controller class JsController could not be found.
#0 /var/www/parfait/app/webroot/index.php(92): Dispatcher->dispatch(Object(CakeRequest), Object(CakeResponse))
#1 {main}
2013-02-27 15:17:21 Error: [MissingControllerException] Controller class JsController could not be found.
#0 /var/www/parfait/app/webroot/index.php(92): Dispatcher->dispatch(Object(CakeRequest), Object(CakeResponse))
#1 {main}
2013-02-27 15:20:52 Error: [MissingControllerException] Controller class JsController could not be found.
#0 /var/www/parfait/app/webroot/index.php(92): Dispatcher->dispatch(Object(CakeRequest), Object(CakeResponse))
#1 {main}
2013-02-27 15:22:29 Error: [MissingControllerException] Controller class JsController could not be found.
#0 /var/www/parfait/app/webroot/index.php(92): Dispatcher->dispatch(Object(CakeRequest), Object(CakeResponse))
#1 {main}
2013-02-27 15:22:36 Error: [MissingActionException] Action UsersController::<() could not be found.
#0 /var/www/parfait/lib/Cake/Routing/Dispatcher.php(186): Controller->invokeAction(Object(CakeRequest))
#1 /var/www/parfait/lib/Cake/Routing/Dispatcher.php(161): Dispatcher->_invoke(Object(UsersController), Object(CakeRequest), Object(CakeResponse))
#2 /var/www/parfait/app/webroot/index.php(92): Dispatcher->dispatch(Object(CakeRequest), Object(CakeResponse))
#3 {main}
2013-02-27 15:22:41 Error: [MissingControllerException] Controller class JsController could not be found.
#0 /var/www/parfait/app/webroot/index.php(92): Dispatcher->dispatch(Object(CakeRequest), Object(CakeResponse))
#1 {main}
2013-02-27 15:23:21 Error: [MissingControllerException] Controller class JsController could not be found.
#0 /var/www/parfait/app/webroot/index.php(92): Dispatcher->dispatch(Object(CakeRequest), Object(CakeResponse))
#1 {main}
2013-02-27 15:23:21 Error: [MissingControllerException] Controller class JsController could not be found.
#0 /var/www/parfait/app/webroot/index.php(92): Dispatcher->dispatch(Object(CakeRequest), Object(CakeResponse))
#1 {main}
2013-02-27 15:26:31 Error: [MissingControllerException] Controller class JsController could not be found.
#0 /var/www/parfait/app/webroot/index.php(92): Dispatcher->dispatch(Object(CakeRequest), Object(CakeResponse))
#1 {main}
2013-02-27 15:26:36 Error: [MissingActionException] Action UsersController::<() could not be found.
#0 /var/www/parfait/lib/Cake/Routing/Dispatcher.php(186): Controller->invokeAction(Object(CakeRequest))
#1 /var/www/parfait/lib/Cake/Routing/Dispatcher.php(161): Dispatcher->_invoke(Object(UsersController), Object(CakeRequest), Object(CakeResponse))
#2 /var/www/parfait/app/webroot/index.php(92): Dispatcher->dispatch(Object(CakeRequest), Object(CakeResponse))
#3 {main}
2013-02-27 15:26:57 Error: [MissingControllerException] Controller class JsController could not be found.
#0 /var/www/parfait/app/webroot/index.php(92): Dispatcher->dispatch(Object(CakeRequest), Object(CakeResponse))
#1 {main}
2013-02-27 15:27:01 Error: [MissingActionException] Action UsersController::<() could not be found.
#0 /var/www/parfait/lib/Cake/Routing/Dispatcher.php(186): Controller->invokeAction(Object(CakeRequest))
#1 /var/www/parfait/lib/Cake/Routing/Dispatcher.php(161): Dispatcher->_invoke(Object(UsersController), Object(CakeRequest), Object(CakeResponse))
#2 /var/www/parfait/app/webroot/index.php(92): Dispatcher->dispatch(Object(CakeRequest), Object(CakeResponse))
#3 {main}
2013-02-27 15:27:43 Error: [MissingControllerException] Controller class JsController could not be found.
#0 /var/www/parfait/app/webroot/index.php(92): Dispatcher->dispatch(Object(CakeRequest), Object(CakeResponse))
#1 {main}
2013-02-27 15:27:47 Error: [MissingActionException] Action UsersController::<() could not be found.
#0 /var/www/parfait/lib/Cake/Routing/Dispatcher.php(186): Controller->invokeAction(Object(CakeRequest))
#1 /var/www/parfait/lib/Cake/Routing/Dispatcher.php(161): Dispatcher->_invoke(Object(UsersController), Object(CakeRequest), Object(CakeResponse))
#2 /var/www/parfait/app/webroot/index.php(92): Dispatcher->dispatch(Object(CakeRequest), Object(CakeResponse))
#3 {main}
2013-02-27 15:29:07 Error: [MissingControllerException] Controller class JsController could not be found.
#0 /var/www/parfait/app/webroot/index.php(92): Dispatcher->dispatch(Object(CakeRequest), Object(CakeResponse))
#1 {main}
2013-02-27 15:29:26 Error: [MissingControllerException] Controller class JsController could not be found.
#0 /var/www/parfait/app/webroot/index.php(92): Dispatcher->dispatch(Object(CakeRequest), Object(CakeResponse))
#1 {main}
2013-02-27 15:33:34 Error: Fatal Error (64): Cannot redeclare UsersController::login() in [/var/www/parfait/app/Controller/UsersController.php, line 13]
2013-02-27 15:33:34 Error: [FatalErrorException] Cannot redeclare UsersController::login()
#0 /var/www/parfait/lib/Cake/Error/ErrorHandler.php(162): ErrorHandler::handleFatalError(64, 'Cannot redeclar...', '/var/www/parfai...', 13)
#1 [internal function]: ErrorHandler::handleError(64, 'Cannot redeclar...', '/var/www/parfai...', 13, Array)
#2 /var/www/parfait/lib/Cake/Core/App.php(926): call_user_func('ErrorHandler::h...', 64, 'Cannot redeclar...', '/var/www/parfai...', 13, Array)
#3 /var/www/parfait/lib/Cake/Core/App.php(899): App::_checkFatalError()
#4 [internal function]: App::shutdown()
#5 {main}
2013-02-27 15:34:25 Error: Fatal Error (64): Cannot redeclare UsersController::login() in [/var/www/parfait/app/Controller/UsersController.php, line 13]
2013-02-27 15:34:25 Error: [FatalErrorException] Cannot redeclare UsersController::login()
#0 /var/www/parfait/lib/Cake/Error/ErrorHandler.php(162): ErrorHandler::handleFatalError(64, 'Cannot redeclar...', '/var/www/parfai...', 13)
#1 [internal function]: ErrorHandler::handleError(64, 'Cannot redeclar...', '/var/www/parfai...', 13, Array)
#2 /var/www/parfait/lib/Cake/Core/App.php(926): call_user_func('ErrorHandler::h...', 64, 'Cannot redeclar...', '/var/www/parfai...', 13, Array)
#3 /var/www/parfait/lib/Cake/Core/App.php(899): App::_checkFatalError()
#4 [internal function]: App::shutdown()
#5 {main}
2013-02-27 15:34:58 Error: Fatal Error (64): Cannot redeclare UsersController::login() in [/var/www/parfait/app/Controller/UsersController.php, line 13]
2013-02-27 15:34:58 Error: [FatalErrorException] Cannot redeclare UsersController::login()
#0 /var/www/parfait/lib/Cake/Error/ErrorHandler.php(162): ErrorHandler::handleFatalError(64, 'Cannot redeclar...', '/var/www/parfai...', 13)
#1 [internal function]: ErrorHandler::handleError(64, 'Cannot redeclar...', '/var/www/parfai...', 13, Array)
#2 /var/www/parfait/lib/Cake/Core/App.php(926): call_user_func('ErrorHandler::h...', 64, 'Cannot redeclar...', '/var/www/parfai...', 13, Array)
#3 /var/www/parfait/lib/Cake/Core/App.php(899): App::_checkFatalError()
#4 [internal function]: App::shutdown()
#5 {main}
2013-02-27 15:35:14 Error: [MissingControllerException] Controller class JsController could not be found.
#0 /var/www/parfait/app/webroot/index.php(92): Dispatcher->dispatch(Object(CakeRequest), Object(CakeResponse))
#1 {main}
2013-02-27 15:35:14 Error: [MissingControllerException] Controller class JsController could not be found.
#0 /var/www/parfait/app/webroot/index.php(92): Dispatcher->dispatch(Object(CakeRequest), Object(CakeResponse))
#1 {main}
2013-02-27 15:35:46 Error: [MissingControllerException] Controller class JsController could not be found.
#0 /var/www/parfait/app/webroot/index.php(92): Dispatcher->dispatch(Object(CakeRequest), Object(CakeResponse))
#1 {main}
2013-02-27 15:35:50 Error: [MissingActionException] Action UsersController::login-ajax() could not be found.
#0 /var/www/parfait/lib/Cake/Routing/Dispatcher.php(186): Controller->invokeAction(Object(CakeRequest))
#1 /var/www/parfait/lib/Cake/Routing/Dispatcher.php(161): Dispatcher->_invoke(Object(UsersController), Object(CakeRequest), Object(CakeResponse))
#2 /var/www/parfait/app/webroot/index.php(92): Dispatcher->dispatch(Object(CakeRequest), Object(CakeResponse))
#3 {main}
2013-02-27 15:36:11 Error: [MissingControllerException] Controller class JsController could not be found.
#0 /var/www/parfait/app/webroot/index.php(92): Dispatcher->dispatch(Object(CakeRequest), Object(CakeResponse))
#1 {main}
2013-02-27 15:36:19 Error: [MissingControllerException] Controller class JsController could not be found.
#0 /var/www/parfait/app/webroot/index.php(92): Dispatcher->dispatch(Object(CakeRequest), Object(CakeResponse))
#1 {main}
2013-02-27 15:36:51 Error: [MissingControllerException] Controller class JsController could not be found.
#0 /var/www/parfait/app/webroot/index.php(92): Dispatcher->dispatch(Object(CakeRequest), Object(CakeResponse))
#1 {main}
2013-02-27 15:37:49 Error: [MissingControllerException] Controller class JsController could not be found.
#0 /var/www/parfait/app/webroot/index.php(92): Dispatcher->dispatch(Object(CakeRequest), Object(CakeResponse))
#1 {main}
2013-02-27 15:37:57 Error: [MissingControllerException] Controller class JsController could not be found.
#0 /var/www/parfait/app/webroot/index.php(92): Dispatcher->dispatch(Object(CakeRequest), Object(CakeResponse))
#1 {main}
2013-02-27 15:50:24 Error: [MissingControllerException] Controller class JsController could not be found.
#0 /var/www/parfait/app/webroot/index.php(92): Dispatcher->dispatch(Object(CakeRequest), Object(CakeResponse))
#1 {main}
2013-02-27 15:50:24 Error: [MissingControllerException] Controller class JsController could not be found.
#0 /var/www/parfait/app/webroot/index.php(92): Dispatcher->dispatch(Object(CakeRequest), Object(CakeResponse))
#1 {main}
2013-02-27 15:50:29 Error: [MissingControllerException] Controller class JsController could not be found.
#0 /var/www/parfait/app/webroot/index.php(92): Dispatcher->dispatch(Object(CakeRequest), Object(CakeResponse))
#1 {main}
2013-02-27 15:50:40 Error: [MissingControllerException] Controller class JsController could not be found.
#0 /var/www/parfait/app/webroot/index.php(92): Dispatcher->dispatch(Object(CakeRequest), Object(CakeResponse))
#1 {main}
2013-02-27 15:57:59 Error: [MissingControllerException] Controller class JsController could not be found.
#0 /var/www/parfait/app/webroot/index.php(92): Dispatcher->dispatch(Object(CakeRequest), Object(CakeResponse))
#1 {main}
2013-02-27 16:02:16 Error: [MissingControllerException] Controller class JsController could not be found.
#0 /var/www/parfait/app/webroot/index.php(92): Dispatcher->dispatch(Object(CakeRequest), Object(CakeResponse))
#1 {main}
2013-02-27 16:02:23 Error: [MissingControllerException] Controller class JsController could not be found.
#0 /var/www/parfait/app/webroot/index.php(92): Dispatcher->dispatch(Object(CakeRequest), Object(CakeResponse))
#1 {main}
2013-02-27 16:21:28 Error: Fatal Error (4): syntax error, unexpected '}' in [/var/www/parfait/app/Controller/UsersController.php, line 32]
2013-02-27 16:21:28 Error: [FatalErrorException] syntax error, unexpected '}'
#0 /var/www/parfait/lib/Cake/Error/ErrorHandler.php(162): ErrorHandler::handleFatalError(4, 'syntax error, u...', '/var/www/parfai...', 32)
#1 [internal function]: ErrorHandler::handleError(4, 'syntax error, u...', '/var/www/parfai...', 32, Array)
#2 /var/www/parfait/lib/Cake/Core/App.php(926): call_user_func('ErrorHandler::h...', 4, 'syntax error, u...', '/var/www/parfai...', 32, Array)
#3 /var/www/parfait/lib/Cake/Core/App.php(899): App::_checkFatalError()
#4 [internal function]: App::shutdown()
#5 {main}
2013-02-27 16:22:14 Error: [MissingControllerException] Controller class JsController could not be found.
#0 /var/www/parfait/app/webroot/index.php(92): Dispatcher->dispatch(Object(CakeRequest), Object(CakeResponse))
#1 {main}
2013-03-02 20:27:57 Error: [MissingControllerException] Controller class JsController could not be found.
#0 /var/www/parfait/app/webroot/index.php(92): Dispatcher->dispatch(Object(CakeRequest), Object(CakeResponse))
#1 {main}
2013-03-02 20:28:01 Error: [MissingControllerException] Controller class JsController could not be found.
#0 /var/www/parfait/app/webroot/index.php(92): Dispatcher->dispatch(Object(CakeRequest), Object(CakeResponse))
#1 {main}
2013-03-02 20:28:05 Error: [MissingControllerException] Controller class JsController could not be found.
#0 /var/www/parfait/app/webroot/index.php(92): Dispatcher->dispatch(Object(CakeRequest), Object(CakeResponse))
#1 {main}
2013-03-02 20:28:09 Error: [MissingControllerException] Controller class JsController could not be found.
#0 /var/www/parfait/app/webroot/index.php(92): Dispatcher->dispatch(Object(CakeRequest), Object(CakeResponse))
#1 {main}
2013-03-02 20:28:13 Error: [MissingControllerException] Controller class JsController could not be found.
#0 /var/www/parfait/app/webroot/index.php(92): Dispatcher->dispatch(Object(CakeRequest), Object(CakeResponse))
#1 {main}
2013-03-02 20:28:22 Error: [MissingControllerException] Controller class JsController could not be found.
#0 /var/www/parfait/app/webroot/index.php(92): Dispatcher->dispatch(Object(CakeRequest), Object(CakeResponse))
#1 {main}
2013-03-02 20:54:28 Error: [MissingControllerException] Controller class JsController could not be found.
#0 /var/www/parfait/app/webroot/index.php(92): Dispatcher->dispatch(Object(CakeRequest), Object(CakeResponse))
#1 {main}
2013-03-07 18:18:41 Error: [MissingControllerException] Controller class JsController could not be found.
#0 /var/www/parfait/app/webroot/index.php(92): Dispatcher->dispatch(Object(CakeRequest), Object(CakeResponse))
#1 {main}
2013-03-07 18:18:58 Error: [MissingControllerException] Controller class JsController could not be found.
#0 /var/www/parfait/app/webroot/index.php(92): Dispatcher->dispatch(Object(CakeRequest), Object(CakeResponse))
#1 {main}
2013-03-07 18:19:04 Error: [MissingControllerException] Controller class JsController could not be found.
#0 /var/www/parfait/app/webroot/index.php(92): Dispatcher->dispatch(Object(CakeRequest), Object(CakeResponse))
#1 {main}
2013-03-07 18:19:07 Error: [MissingControllerException] Controller class JsController could not be found.
#0 /var/www/parfait/app/webroot/index.php(92): Dispatcher->dispatch(Object(CakeRequest), Object(CakeResponse))
#1 {main}
2013-03-07 18:19:14 Error: [MissingControllerException] Controller class JsController could not be found.
#0 /var/www/parfait/app/webroot/index.php(92): Dispatcher->dispatch(Object(CakeRequest), Object(CakeResponse))
#1 {main}
2013-03-07 18:19:17 Error: [MissingControllerException] Controller class JsController could not be found.
#0 /var/www/parfait/app/webroot/index.php(92): Dispatcher->dispatch(Object(CakeRequest), Object(CakeResponse))
#1 {main}
2013-03-07 18:19:47 Error: [MissingControllerException] Controller class JsController could not be found.
#0 /var/www/parfait/app/webroot/index.php(92): Dispatcher->dispatch(Object(CakeRequest), Object(CakeResponse))
#1 {main}
2013-03-07 18:21:05 Error: [MissingControllerException] Controller class JsController could not be found.
#0 /var/www/parfait/app/webroot/index.php(92): Dispatcher->dispatch(Object(CakeRequest), Object(CakeResponse))
#1 {main}
2013-03-07 18:26:41 Error: [MissingControllerException] Controller class JsController could not be found.
#0 /var/www/parfait/app/webroot/index.php(92): Dispatcher->dispatch(Object(CakeRequest), Object(CakeResponse))
#1 {main}
2013-03-07 18:34:19 Error: [MissingControllerException] Controller class JsController could not be found.
#0 /var/www/parfait/app/webroot/index.php(92): Dispatcher->dispatch(Object(CakeRequest), Object(CakeResponse))
#1 {main}
2013-03-07 19:02:01 Error: [MissingControllerException] Controller class JsController could not be found.
#0 /var/www/parfait/app/webroot/index.php(92): Dispatcher->dispatch(Object(CakeRequest), Object(CakeResponse))
#1 {main}
2013-03-07 19:02:03 Error: [MissingControllerException] Controller class JsController could not be found.
#0 /var/www/parfait/app/webroot/index.php(92): Dispatcher->dispatch(Object(CakeRequest), Object(CakeResponse))
#1 {main}
2013-03-07 19:02:05 Error: [MissingControllerException] Controller class JsController could not be found.
#0 /var/www/parfait/app/webroot/index.php(92): Dispatcher->dispatch(Object(CakeRequest), Object(CakeResponse))
#1 {main}
2013-03-07 19:04:56 Error: [MissingControllerException] Controller class JsController could not be found.
#0 /var/www/parfait/app/webroot/index.php(92): Dispatcher->dispatch(Object(CakeRequest), Object(CakeResponse))
#1 {main}
2013-03-07 19:23:26 Error: [MissingControllerException] Controller class JsController could not be found.
#0 /var/www/parfait/app/webroot/index.php(92): Dispatcher->dispatch(Object(CakeRequest), Object(CakeResponse))
#1 {main}
2013-03-07 19:29:06 Error: [MissingControllerException] Controller class JsController could not be found.
#0 /var/www/parfait/app/webroot/index.php(92): Dispatcher->dispatch(Object(CakeRequest), Object(CakeResponse))
#1 {main}
2013-03-07 19:29:07 Error: [MissingControllerException] Controller class JsController could not be found.
#0 /var/www/parfait/app/webroot/index.php(92): Dispatcher->dispatch(Object(CakeRequest), Object(CakeResponse))
#1 {main}
2013-03-07 19:34:47 Error: [MissingControllerException] Controller class JsController could not be found.
#0 /var/www/parfait/app/webroot/index.php(92): Dispatcher->dispatch(Object(CakeRequest), Object(CakeResponse))
#1 {main}
2013-03-07 19:38:12 Error: [MissingControllerException] Controller class JsController could not be found.
#0 /var/www/parfait/app/webroot/index.php(92): Dispatcher->dispatch(Object(CakeRequest), Object(CakeResponse))
#1 {main}
2013-03-07 19:39:48 Error: [MissingControllerException] Controller class JsController could not be found.
#0 /var/www/parfait/app/webroot/index.php(92): Dispatcher->dispatch(Object(CakeRequest), Object(CakeResponse))
#1 {main}
2013-03-07 19:40:12 Error: [MissingControllerException] Controller class JsController could not be found.
#0 /var/www/parfait/app/webroot/index.php(92): Dispatcher->dispatch(Object(CakeRequest), Object(CakeResponse))
#1 {main}
2013-03-07 19:42:43 Error: [MissingControllerException] Controller class JsController could not be found.
#0 /var/www/parfait/app/webroot/index.php(92): Dispatcher->dispatch(Object(CakeRequest), Object(CakeResponse))
#1 {main}
2013-03-07 19:42:44 Error: [MissingControllerException] Controller class JsController could not be found.
#0 /var/www/parfait/app/webroot/index.php(92): Dispatcher->dispatch(Object(CakeRequest), Object(CakeResponse))
#1 {main}
2013-03-16 12:51:58 Error: [MissingControllerException] Controller class JsController could not be found.
#0 /var/www/parfait/app/webroot/index.php(92): Dispatcher->dispatch(Object(CakeRequest), Object(CakeResponse))
#1 {main}
2013-03-18 10:26:40 Error: [MissingControllerException] Controller class JsController could not be found.
#0 /var/www/parfait/app/webroot/index.php(92): Dispatcher->dispatch(Object(CakeRequest), Object(CakeResponse))
#1 {main}
2013-03-20 15:55:48 Error: [MissingControllerException] Controller class JsController could not be found.
#0 /var/www/parfait/app/webroot/index.php(92): Dispatcher->dispatch(Object(CakeRequest), Object(CakeResponse))
#1 {main}
2013-03-20 15:56:51 Error: [MissingControllerException] Controller class JsController could not be found.
#0 /var/www/parfait/app/webroot/index.php(92): Dispatcher->dispatch(Object(CakeRequest), Object(CakeResponse))
#1 {main}
2013-03-20 15:59:18 Error: [MissingControllerException] Controller class JsController could not be found.
#0 /var/www/parfait/app/webroot/index.php(92): Dispatcher->dispatch(Object(CakeRequest), Object(CakeResponse))
#1 {main}
2013-03-20 15:59:33 Error: [MissingControllerException] Controller class JsController could not be found.
#0 /var/www/parfait/app/webroot/index.php(92): Dispatcher->dispatch(Object(CakeRequest), Object(CakeResponse))
#1 {main}
2013-03-20 15:59:34 Error: [MissingControllerException] Controller class JsController could not be found.
#0 /var/www/parfait/app/webroot/index.php(92): Dispatcher->dispatch(Object(CakeRequest), Object(CakeResponse))
#1 {main}
2013-03-20 20:00:27 Error: [Exception] Facebook needs the CURL PHP extension.
#0 /var/www/parfait/app/Plugin/Facebook/Vendor/Facebook.php(18): require_once()
#1 /var/www/parfait/lib/Cake/Core/App.php(560): include('/var/www/parfai...')
#2 [internal function]: App::load('Facebook')
#3 /var/www/parfait/app/Plugin/Facebook/Lib/FB.php(29): spl_autoload_call('Facebook')
#4 /var/www/parfait/app/Plugin/Facebook/Lib/FB.php(21): FB->__initInstance()
#5 /var/www/parfait/app/Plugin/Facebook/Controller/Component/ConnectComponent.php(84): FB->__construct()
#6 [internal function]: ConnectComponent->initialize(Object(UsersController))
#7 /var/www/parfait/lib/Cake/Utility/ObjectCollection.php(130): call_user_func_array(Array, Array)
#8 [internal function]: ObjectCollection->trigger(Object(CakeEvent))
#9 /var/www/parfait/lib/Cake/Event/CakeEventManager.php(246): call_user_func(Array, Object(CakeEvent))
#10 /var/www/parfait/lib/Cake/Controller/Controller.php(670): CakeEventManager->dispatch(Object(CakeEvent))
#11 /var/www/parfait/lib/Cake/Routing/Dispatcher.php(183): Controller->startupProcess()
#12 /var/www/parfait/lib/Cake/Routing/Dispatcher.php(161): Dispatcher->_invoke(Object(UsersController), Object(CakeRequest), Object(CakeResponse))
#13 /var/www/parfait/app/webroot/index.php(92): Dispatcher->dispatch(Object(CakeRequest), Object(CakeResponse))
#14 {main}
2013-03-20 20:00:53 Error: [MissingHelperException] Helper class FacebookHelper could not be found.
#0 /var/www/parfait/lib/Cake/View/HelperCollection.php(62): HelperCollection->load('Facebook')
#1 /var/www/parfait/lib/Cake/View/View.php(812): HelperCollection->__isset('Facebook')
#2 /var/www/parfait/app/View/Elements/header.ctp(2): View->__get('Facebook')
#3 /var/www/parfait/lib/Cake/View/View.php(920): include('/var/www/parfai...')
#4 /var/www/parfait/lib/Cake/View/View.php(883): View->_evaluate('/var/www/parfai...', Array)
#5 /var/www/parfait/lib/Cake/View/View.php(424): View->_render('/var/www/parfai...', Array)
#6 /var/www/parfait/app/View/Pages/home.ctp(3): View->element('header')
#7 /var/www/parfait/lib/Cake/View/View.php(920): include('/var/www/parfai...')
#8 /var/www/parfait/lib/Cake/View/View.php(883): View->_evaluate('/var/www/parfai...', Array)
#9 /var/www/parfait/lib/Cake/View/View.php(475): View->_render('/var/www/parfai...')
#10 /var/www/parfait/lib/Cake/Controller/Controller.php(957): View->render('home', NULL)
#11 /var/www/parfait/app/Controller/PagesController.php(73): Controller->render('home')
#12 [internal function]: PagesController->display('home')
#13 /var/www/parfait/lib/Cake/Controller/Controller.php(485): ReflectionMethod->invokeArgs(Object(PagesController), Array)
#14 /var/www/parfait/lib/Cake/Routing/Dispatcher.php(186): Controller->invokeAction(Object(CakeRequest))
#15 /var/www/parfait/lib/Cake/Routing/Dispatcher.php(161): Dispatcher->_invoke(Object(PagesController), Object(CakeRequest), Object(CakeResponse))
#16 /var/www/parfait/app/webroot/index.php(92): Dispatcher->dispatch(Object(CakeRequest), Object(CakeResponse))
#17 {main}
2013-03-20 20:08:33 Error: [Exception] Facebook needs the CURL PHP extension.
#0 /var/www/parfait/app/Plugin/Facebook/Vendor/Facebook.php(18): require_once()
#1 /var/www/parfait/lib/Cake/Core/App.php(560): include('/var/www/parfai...')
#2 [internal function]: App::load('Facebook')
#3 /var/www/parfait/app/Plugin/Facebook/Lib/FB.php(29): spl_autoload_call('Facebook')
#4 /var/www/parfait/app/Plugin/Facebook/Lib/FB.php(21): FB->__initInstance()
#5 /var/www/parfait/app/Plugin/Facebook/Controller/Component/ConnectComponent.php(84): FB->__construct()
#6 [internal function]: ConnectComponent->initialize(Object(PagesController))
#7 /var/www/parfait/lib/Cake/Utility/ObjectCollection.php(130): call_user_func_array(Array, Array)
#8 [internal function]: ObjectCollection->trigger(Object(CakeEvent))
#9 /var/www/parfait/lib/Cake/Event/CakeEventManager.php(246): call_user_func(Array, Object(CakeEvent))
#10 /var/www/parfait/lib/Cake/Controller/Controller.php(670): CakeEventManager->dispatch(Object(CakeEvent))
#11 /var/www/parfait/lib/Cake/Routing/Dispatcher.php(183): Controller->startupProcess()
#12 /var/www/parfait/lib/Cake/Routing/Dispatcher.php(161): Dispatcher->_invoke(Object(PagesController), Object(CakeRequest), Object(CakeResponse))
#13 /var/www/parfait/app/webroot/index.php(92): Dispatcher->dispatch(Object(CakeRequest), Object(CakeResponse))
#14 {main}
2013-03-20 20:11:52 Error: [Exception] Facebook needs the CURL PHP extension.
#0 /var/www/parfait/app/Plugin/Facebook/Vendor/Facebook.php(18): require_once()
#1 /var/www/parfait/lib/Cake/Core/App.php(560): include('/var/www/parfai...')
#2 [internal function]: App::load('Facebook')
#3 /var/www/parfait/app/Plugin/Facebook/Lib/FB.php(29): spl_autoload_call('Facebook')
#4 /var/www/parfait/app/Plugin/Facebook/Lib/FB.php(21): FB->__initInstance()
#5 /var/www/parfait/app/Plugin/Facebook/Controller/Component/ConnectComponent.php(84): FB->__construct()
#6 [internal function]: ConnectComponent->initialize(Object(PagesController))
#7 /var/www/parfait/lib/Cake/Utility/ObjectCollection.php(130): call_user_func_array(Array, Array)
#8 [internal function]: ObjectCollection->trigger(Object(CakeEvent))
#9 /var/www/parfait/lib/Cake/Event/CakeEventManager.php(246): call_user_func(Array, Object(CakeEvent))
#10 /var/www/parfait/lib/Cake/Controller/Controller.php(670): CakeEventManager->dispatch(Object(CakeEvent))
#11 /var/www/parfait/lib/Cake/Routing/Dispatcher.php(183): Controller->startupProcess()
#12 /var/www/parfait/lib/Cake/Routing/Dispatcher.php(161): Dispatcher->_invoke(Object(PagesController), Object(CakeRequest), Object(CakeResponse))
#13 /var/www/parfait/app/webroot/index.php(92): Dispatcher->dispatch(Object(CakeRequest), Object(CakeResponse))
#14 {main}
2013-03-20 20:11:55 Error: [Exception] Facebook needs the CURL PHP extension.
#0 /var/www/parfait/app/Plugin/Facebook/Vendor/Facebook.php(18): require_once()
#1 /var/www/parfait/lib/Cake/Core/App.php(540): include('/var/www/parfai...')
#2 [internal function]: App::load('Facebook')
#3 /var/www/parfait/app/Plugin/Facebook/Lib/FB.php(29): spl_autoload_call('Facebook')
#4 /var/www/parfait/app/Plugin/Facebook/Lib/FB.php(21): FB->__initInstance()
#5 /var/www/parfait/app/Plugin/Facebook/Controller/Component/ConnectComponent.php(84): FB->__construct()
#6 [internal function]: ConnectComponent->initialize(Object(PagesController))
#7 /var/www/parfait/lib/Cake/Utility/ObjectCollection.php(130): call_user_func_array(Array, Array)
#8 [internal function]: ObjectCollection->trigger(Object(CakeEvent))
#9 /var/www/parfait/lib/Cake/Event/CakeEventManager.php(246): call_user_func(Array, Object(CakeEvent))
#10 /var/www/parfait/lib/Cake/Controller/Controller.php(670): CakeEventManager->dispatch(Object(CakeEvent))
#11 /var/www/parfait/lib/Cake/Routing/Dispatcher.php(183): Controller->startupProcess()
#12 /var/www/parfait/lib/Cake/Routing/Dispatcher.php(161): Dispatcher->_invoke(Object(PagesController), Object(CakeRequest), Object(CakeResponse))
#13 /var/www/parfait/app/webroot/index.php(92): Dispatcher->dispatch(Object(CakeRequest), Object(CakeResponse))
#14 {main}
2013-03-20 20:16:02 Error: [MissingControllerException] Controller class JsController could not be found.
#0 /var/www/parfait/app/webroot/index.php(92): Dispatcher->dispatch(Object(CakeRequest), Object(CakeResponse))
#1 {main}
2013-03-20 20:16:02 Error: [MissingControllerException] Controller class JsController could not be found.
#0 /var/www/parfait/app/webroot/index.php(92): Dispatcher->dispatch(Object(CakeRequest), Object(CakeResponse))
#1 {main}
2013-03-20 20:16:48 Error: [MissingControllerException] Controller class JsController could not be found.
#0 /var/www/parfait/app/webroot/index.php(92): Dispatcher->dispatch(Object(CakeRequest), Object(CakeResponse))
#1 {main}
2013-03-20 20:17:11 Error: [MissingControllerException] Controller class JsController could not be found.
#0 /var/www/parfait/app/webroot/index.php(92): Dispatcher->dispatch(Object(CakeRequest), Object(CakeResponse))
#1 {main}
2013-03-20 20:46:02 Error: [MissingControllerException] Controller class JsController could not be found.
#0 /var/www/parfait/app/webroot/index.php(92): Dispatcher->dispatch(Object(CakeRequest), Object(CakeResponse))
#1 {main}
2013-03-20 20:46:10 Error: [MissingControllerException] Controller class JsController could not be found.
#0 /var/www/parfait/app/webroot/index.php(92): Dispatcher->dispatch(Object(CakeRequest), Object(CakeResponse))
#1 {main}
2013-03-20 20:49:00 Error: [MissingControllerException] Controller class JsController could not be found.
#0 /var/www/parfait/app/webroot/index.php(92): Dispatcher->dispatch(Object(CakeRequest), Object(CakeResponse))
#1 {main}
2013-03-20 20:49:06 Error: [MissingControllerException] Controller class JsController could not be found.
#0 /var/www/parfait/app/webroot/index.php(92): Dispatcher->dispatch(Object(CakeRequest), Object(CakeResponse))
#1 {main}
2013-03-20 20:57:30 Error: Fatal Error (1): Call to a member function read() on a non-object in [/var/www/parfait/app/Plugin/Facebook/Controller/Component/ConnectComponent.php, line 195]
2013-03-20 20:57:30 Error: [FatalErrorException] Call to a member function read() on a non-object
#0 /var/www/parfait/lib/Cake/Error/ErrorHandler.php(162): ErrorHandler::handleFatalError(1, 'Call to a membe...', '/var/www/parfai...', 195)
#1 [internal function]: ErrorHandler::handleError(1, 'Call to a membe...', '/var/www/parfai...', 195, Array)
#2 /var/www/parfait/lib/Cake/Core/App.php(926): call_user_func('ErrorHandler::h...', 1, 'Call to a membe...', '/var/www/parfai...', 195, Array)
#3 /var/www/parfait/lib/Cake/Core/App.php(899): App::_checkFatalError()
#4 [internal function]: App::shutdown()
#5 {main}
2013-03-20 21:00:52 Error: Fatal Error (1): Call to a member function read() on a non-object in [/var/www/parfait/app/Plugin/Facebook/Controller/Component/ConnectComponent.php, line 195]
2013-03-20 21:00:52 Error: [FatalErrorException] Call to a member function read() on a non-object
#0 /var/www/parfait/lib/Cake/Error/ErrorHandler.php(162): ErrorHandler::handleFatalError(1, 'Call to a membe...', '/var/www/parfai...', 195)
#1 [internal function]: ErrorHandler::handleError(1, 'Call to a membe...', '/var/www/parfai...', 195, Array)
#2 /var/www/parfait/lib/Cake/Core/App.php(926): call_user_func('ErrorHandler::h...', 1, 'Call to a membe...', '/var/www/parfai...', 195, Array)
#3 /var/www/parfait/lib/Cake/Core/App.php(899): App::_checkFatalError()
#4 [internal function]: App::shutdown()
#5 {main}
2013-03-20 21:06:30 Error: [MissingControllerException] Controller class JsController could not be found.
#0 /var/www/parfait/app/webroot/index.php(92): Dispatcher->dispatch(Object(CakeRequest), Object(CakeResponse))
#1 {main}
2013-03-20 21:08:37 Error: [MissingControllerException] Controller class JsController could not be found.
#0 /var/www/parfait/app/webroot/index.php(92): Dispatcher->dispatch(Object(CakeRequest), Object(CakeResponse))
#1 {main}
2013-03-20 21:11:23 Error: [MissingControllerException] Controller class JsController could not be found.
#0 /var/www/parfait/app/webroot/index.php(92): Dispatcher->dispatch(Object(CakeRequest), Object(CakeResponse))
#1 {main}
2013-03-20 21:11:36 Error: [MissingControllerException] Controller class JsController could not be found.
#0 /var/www/parfait/app/webroot/index.php(92): Dispatcher->dispatch(Object(CakeRequest), Object(CakeResponse))
#1 {main}
2013-03-20 21:12:56 Error: [MissingControllerException] Controller class JsController could not be found.
#0 /var/www/parfait/app/webroot/index.php(92): Dispatcher->dispatch(Object(CakeRequest), Object(CakeResponse))
#1 {main}
2013-03-20 21:13:01 Error: [MissingControllerException] Controller class JsController could not be found.
#0 /var/www/parfait/app/webroot/index.php(92): Dispatcher->dispatch(Object(CakeRequest), Object(CakeResponse))
#1 {main}
2013-03-20 21:13:01 Error: [MissingControllerException] Controller class JsController could not be found.
#0 /var/www/parfait/app/webroot/index.php(92): Dispatcher->dispatch(Object(CakeRequest), Object(CakeResponse))
#1 {main}
2013-03-20 21:16:10 Error: [MissingControllerException] Controller class JsController could not be found.
#0 /var/www/parfait/app/webroot/index.php(92): Dispatcher->dispatch(Object(CakeRequest), Object(CakeResponse))
#1 {main}
2013-03-21 00:36:25 Error: [MissingControllerException] Controller class JsController could not be found.
#0 /var/www/parfait/app/webroot/index.php(92): Dispatcher->dispatch(Object(CakeRequest), Object(CakeResponse))
#1 {main}
2013-03-21 01:00:02 Error: [MissingControllerException] Controller class JsController could not be found.
#0 /var/www/parfait/app/webroot/index.php(92): Dispatcher->dispatch(Object(CakeRequest), Object(CakeResponse))
#1 {main}
2013-03-21 01:02:25 Error: [MissingControllerException] Controller class JsController could not be found.
#0 /var/www/parfait/app/webroot/index.php(92): Dispatcher->dispatch(Object(CakeRequest), Object(CakeResponse))
#1 {main}
2013-03-21 01:03:20 Error: [MissingControllerException] Controller class JsController could not be found.
#0 /var/www/parfait/app/webroot/index.php(92): Dispatcher->dispatch(Object(CakeRequest), Object(CakeResponse))
#1 {main}
2013-03-21 01:03:34 Error: [MissingControllerException] Controller class JsController could not be found.
#0 /var/www/parfait/app/webroot/index.php(92): Dispatcher->dispatch(Object(CakeRequest), Object(CakeResponse))
#1 {main}
2013-03-21 01:05:27 Error: [MissingControllerException] Controller class JsController could not be found.
#0 /var/www/parfait/app/webroot/index.php(92): Dispatcher->dispatch(Object(CakeRequest), Object(CakeResponse))
#1 {main}
2013-03-21 01:12:33 Error: [MissingControllerException] Controller class JsController could not be found.
#0 /var/www/parfait/app/webroot/index.php(92): Dispatcher->dispatch(Object(CakeRequest), Object(CakeResponse))
#1 {main}
2013-03-21 01:12:40 Error: [MissingControllerException] Controller class JsController could not be found.
#0 /var/www/parfait/app/webroot/index.php(92): Dispatcher->dispatch(Object(CakeRequest), Object(CakeResponse))
#1 {main}
2013-03-21 01:13:17 Error: [MissingControllerException] Controller class JsController could not be found.
#0 /var/www/parfait/app/webroot/index.php(92): Dispatcher->dispatch(Object(CakeRequest), Object(CakeResponse))
#1 {main}
2013-03-21 01:14:12 Error: [MissingControllerException] Controller class JsController could not be found.
#0 /var/www/parfait/app/webroot/index.php(92): Dispatcher->dispatch(Object(CakeRequest), Object(CakeResponse))
#1 {main}
2013-03-21 01:14:15 Error: [MissingControllerException] Controller class JsController could not be found.
#0 /var/www/parfait/app/webroot/index.php(92): Dispatcher->dispatch(Object(CakeRequest), Object(CakeResponse))
#1 {main}
2013-03-21 01:14:19 Error: [MissingControllerException] Controller class JsController could not be found.
#0 /var/www/parfait/app/webroot/index.php(92): Dispatcher->dispatch(Object(CakeRequest), Object(CakeResponse))
#1 {main}
2013-03-21 01:14:22 Error: [MissingControllerException] Controller class JsController could not be found.
#0 /var/www/parfait/app/webroot/index.php(92): Dispatcher->dispatch(Object(CakeRequest), Object(CakeResponse))
#1 {main}
2013-03-21 01:32:37 Error: [MissingControllerException] Controller class JsController could not be found.
#0 /var/www/parfait/app/webroot/index.php(92): Dispatcher->dispatch(Object(CakeRequest), Object(CakeResponse))
#1 {main}
2013-03-21 01:32:49 Error: [MissingControllerException] Controller class JsController could not be found.
#0 /var/www/parfait/app/webroot/index.php(92): Dispatcher->dispatch(Object(CakeRequest), Object(CakeResponse))
#1 {main}
2013-03-21 01:32:52 Error: [MissingControllerException] Controller class JsController could not be found.
#0 /var/www/parfait/app/webroot/index.php(92): Dispatcher->dispatch(Object(CakeRequest), Object(CakeResponse))
#1 {main}
2013-03-21 01:33:02 Error: [MissingControllerException] Controller class JsController could not be found.
#0 /var/www/parfait/app/webroot/index.php(92): Dispatcher->dispatch(Object(CakeRequest), Object(CakeResponse))
#1 {main}
2013-03-21 01:33:40 Error: [MissingControllerException] Controller class JsController could not be found.
#0 /var/www/parfait/app/webroot/index.php(92): Dispatcher->dispatch(Object(CakeRequest), Object(CakeResponse))
#1 {main}
2013-03-21 01:33:51 Error: [MissingControllerException] Controller class JsController could not be found.
#0 /var/www/parfait/app/webroot/index.php(92): Dispatcher->dispatch(Object(CakeRequest), Object(CakeResponse))
#1 {main}
2013-03-21 01:34:05 Error: [MissingControllerException] Controller class JsController could not be found.
#0 /var/www/parfait/app/webroot/index.php(92): Dispatcher->dispatch(Object(CakeRequest), Object(CakeResponse))
#1 {main}
2013-03-21 01:52:59 Error: [MissingControllerException] Controller class JsController could not be found.
#0 /var/www/parfait/app/webroot/index.php(92): Dispatcher->dispatch(Object(CakeRequest), Object(CakeResponse))
#1 {main}
2013-03-21 01:53:04 Error: [MissingControllerException] Controller class JsController could not be found.
#0 /var/www/parfait/app/webroot/index.php(92): Dispatcher->dispatch(Object(CakeRequest), Object(CakeResponse))
#1 {main}
2013-03-21 01:53:08 Error: [MissingControllerException] Controller class JsController could not be found.
#0 /var/www/parfait/app/webroot/index.php(92): Dispatcher->dispatch(Object(CakeRequest), Object(CakeResponse))
#1 {main}
2013-03-21 01:53:26 Error: [MissingControllerException] Controller class JsController could not be found.
#0 /var/www/parfait/app/webroot/index.php(92): Dispatcher->dispatch(Object(CakeRequest), Object(CakeResponse))
#1 {main}
2013-03-21 01:53:27 Error: [MissingControllerException] Controller class JsController could not be found.
#0 /var/www/parfait/app/webroot/index.php(92): Dispatcher->dispatch(Object(CakeRequest), Object(CakeResponse))
#1 {main}
2013-03-21 01:53:30 Error: [MissingControllerException] Controller class JsController could not be found.
#0 /var/www/parfait/app/webroot/index.php(92): Dispatcher->dispatch(Object(CakeRequest), Object(CakeResponse))
#1 {main}
2013-03-21 01:54:14 Error: [MissingControllerException] Controller class JsController could not be found.
#0 /var/www/parfait/app/webroot/index.php(92): Dispatcher->dispatch(Object(CakeRequest), Object(CakeResponse))
#1 {main}
2013-03-21 01:54:31 Error: [MissingControllerException] Controller class JsController could not be found.
#0 /var/www/parfait/app/webroot/index.php(92): Dispatcher->dispatch(Object(CakeRequest), Object(CakeResponse))
#1 {main}
2013-03-21 01:54:56 Error: [MissingControllerException] Controller class JsController could not be found.
#0 /var/www/parfait/app/webroot/index.php(92): Dispatcher->dispatch(Object(CakeRequest), Object(CakeResponse))
#1 {main}
2013-03-21 01:57:02 Error: [MissingControllerException] Controller class JsController could not be found.
#0 /var/www/parfait/app/webroot/index.php(92): Dispatcher->dispatch(Object(CakeRequest), Object(CakeResponse))
#1 {main}
2013-03-21 01:57:04 Error: [MissingControllerException] Controller class JsController could not be found.
#0 /var/www/parfait/app/webroot/index.php(92): Dispatcher->dispatch(Object(CakeRequest), Object(CakeResponse))
#1 {main}
2013-03-21 01:59:47 Error: [MissingControllerException] Controller class JsController could not be found.
#0 /var/www/parfait/app/webroot/index.php(92): Dispatcher->dispatch(Object(CakeRequest), Object(CakeResponse))
#1 {main}
2013-03-21 01:59:49 Error: [MissingControllerException] Controller class JsController could not be found.
#0 /var/www/parfait/app/webroot/index.php(92): Dispatcher->dispatch(Object(CakeRequest), Object(CakeResponse))
#1 {main}
2013-03-21 02:03:41 Error: [MissingControllerException] Controller class JsController could not be found.
#0 /var/www/parfait/app/webroot/index.php(92): Dispatcher->dispatch(Object(CakeRequest), Object(CakeResponse))
#1 {main}
2013-03-21 02:03:43 Error: [MissingControllerException] Controller class JsController could not be found.
#0 /var/www/parfait/app/webroot/index.php(92): Dispatcher->dispatch(Object(CakeRequest), Object(CakeResponse))
#1 {main}
2013-03-21 02:04:59 Error: [MissingControllerException] Controller class JsController could not be found.
#0 /var/www/parfait/app/webroot/index.php(92): Dispatcher->dispatch(Object(CakeRequest), Object(CakeResponse))
#1 {main}
2013-03-21 02:08:14 Error: [MissingControllerException] Controller class JsController could not be found.
#0 /var/www/parfait/app/webroot/index.php(92): Dispatcher->dispatch(Object(CakeRequest), Object(CakeResponse))
#1 {main}
2013-03-21 02:18:54 Error: [MissingControllerException] Controller class JsController could not be found.
#0 /var/www/parfait/app/webroot/index.php(92): Dispatcher->dispatch(Object(CakeRequest), Object(CakeResponse))
#1 {main}
2013-03-21 02:19:02 Error: [MissingControllerException] Controller class JsController could not be found.
#0 /var/www/parfait/app/webroot/index.php(92): Dispatcher->dispatch(Object(CakeRequest), Object(CakeResponse))
#1 {main}
2013-03-21 02:19:08 Error: [MissingControllerException] Controller class JsController could not be found.
#0 /var/www/parfait/app/webroot/index.php(92): Dispatcher->dispatch(Object(CakeRequest), Object(CakeResponse))
#1 {main}
2013-03-21 02:19:13 Error: [MissingControllerException] Controller class JsController could not be found.
#0 /var/www/parfait/app/webroot/index.php(92): Dispatcher->dispatch(Object(CakeRequest), Object(CakeResponse))
#1 {main}
2013-03-21 02:24:19 Error: [MissingControllerException] Controller class JsController could not be found.
#0 /var/www/parfait/app/webroot/index.php(92): Dispatcher->dispatch(Object(CakeRequest), Object(CakeResponse))
#1 {main}
2013-03-21 02:24:22 Error: [MissingControllerException] Controller class JsController could not be found.
#0 /var/www/parfait/app/webroot/index.php(92): Dispatcher->dispatch(Object(CakeRequest), Object(CakeResponse))
#1 {main}
2013-03-21 02:24:25 Error: [MissingControllerException] Controller class JsController could not be found.
#0 /var/www/parfait/app/webroot/index.php(92): Dispatcher->dispatch(Object(CakeRequest), Object(CakeResponse))
#1 {main}
2013-03-21 02:30:31 Error: [MissingControllerException] Controller class JsController could not be found.
#0 /var/www/parfait/app/webroot/index.php(92): Dispatcher->dispatch(Object(CakeRequest), Object(CakeResponse))
#1 {main}
2013-03-21 02:30:31 Error: [MissingControllerException] Controller class JsController could not be found.
#0 /var/www/parfait/app/webroot/index.php(92): Dispatcher->dispatch(Object(CakeRequest), Object(CakeResponse))
#1 {main}
2013-03-21 02:30:33 Error: [MissingControllerException] Controller class JsController could not be found.
#0 /var/www/parfait/app/webroot/index.php(92): Dispatcher->dispatch(Object(CakeRequest), Object(CakeResponse))
#1 {main}
2013-03-21 02:30:36 Error: [MissingControllerException] Controller class JsController could not be found.
#0 /var/www/parfait/app/webroot/index.php(92): Dispatcher->dispatch(Object(CakeRequest), Object(CakeResponse))
#1 {main}
2013-03-21 02:30:46 Error: [MissingControllerException] Controller class JsController could not be found.
#0 /var/www/parfait/app/webroot/index.php(92): Dispatcher->dispatch(Object(CakeRequest), Object(CakeResponse))
#1 {main}
2013-03-21 02:31:07 Error: [MissingControllerException] Controller class JsController could not be found.
#0 /var/www/parfait/app/webroot/index.php(92): Dispatcher->dispatch(Object(CakeRequest), Object(CakeResponse))
#1 {main}
2013-03-21 02:31:09 Error: [MissingControllerException] Controller class JsController could not be found.
#0 /var/www/parfait/app/webroot/index.php(92): Dispatcher->dispatch(Object(CakeRequest), Object(CakeResponse))
#1 {main}
2013-03-21 02:31:31 Error: [MissingControllerException] Controller class JsController could not be found.
#0 /var/www/parfait/app/webroot/index.php(92): Dispatcher->dispatch(Object(CakeRequest), Object(CakeResponse))
#1 {main}
2013-03-21 02:31:32 Error: [MissingControllerException] Controller class JsController could not be found.
#0 /var/www/parfait/app/webroot/index.php(92): Dispatcher->dispatch(Object(CakeRequest), Object(CakeResponse))
#1 {main}
2013-03-21 02:31:41 Error: [MissingControllerException] Controller class JsController could not be found.
#0 /var/www/parfait/app/webroot/index.php(92): Dispatcher->dispatch(Object(CakeRequest), Object(CakeResponse))
#1 {main}
2013-03-21 02:32:01 Error: [MissingControllerException] Controller class JsController could not be found.
#0 /var/www/parfait/app/webroot/index.php(92): Dispatcher->dispatch(Object(CakeRequest), Object(CakeResponse))
#1 {main}
2013-03-21 02:32:02 Error: [MissingControllerException] Controller class JsController could not be found.
#0 /var/www/parfait/app/webroot/index.php(92): Dispatcher->dispatch(Object(CakeRequest), Object(CakeResponse))
#1 {main}
2013-03-21 02:32:07 Error: [MissingControllerException] Controller class JsController could not be found.
#0 /var/www/parfait/app/webroot/index.php(92): Dispatcher->dispatch(Object(CakeRequest), Object(CakeResponse))
#1 {main}
2013-03-21 02:38:54 Error: [MissingControllerException] Controller class JsController could not be found.
#0 /var/www/parfait/app/webroot/index.php(92): Dispatcher->dispatch(Object(CakeRequest), Object(CakeResponse))
#1 {main}
2013-03-21 02:39:54 Error: [MissingControllerException] Controller class FacebookController could not be found.
#0 /var/www/parfait/app/webroot/index.php(92): Dispatcher->dispatch(Object(CakeRequest), Object(CakeResponse))
#1 {main}
2013-03-21 02:39:54 Error: [MissingControllerException] Controller class JsController could not be found.
#0 /var/www/parfait/app/webroot/index.php(92): Dispatcher->dispatch(Object(CakeRequest), Object(CakeResponse))
#1 {main}
2013-03-21 02:39:55 Error: [MissingControllerException] Controller class FacebookController could not be found.
#0 /var/www/parfait/app/webroot/index.php(92): Dispatcher->dispatch(Object(CakeRequest), Object(CakeResponse))
#1 {main}
2013-03-21 02:41:11 Error: [MissingControllerException] Controller class JsController could not be found.
#0 /var/www/parfait/app/webroot/index.php(92): Dispatcher->dispatch(Object(CakeRequest), Object(CakeResponse))
#1 {main}
2013-03-21 02:41:11 Error: [MissingControllerException] Controller class FacebookController could not be found.
#0 /var/www/parfait/app/webroot/index.php(92): Dispatcher->dispatch(Object(CakeRequest), Object(CakeResponse))
#1 {main}
2013-03-21 02:41:11 Error: [MissingControllerException] Controller class FacebookController could not be found.
#0 /var/www/parfait/app/webroot/index.php(92): Dispatcher->dispatch(Object(CakeRequest), Object(CakeResponse))
#1 {main}
2013-03-21 02:41:13 Error: [MissingControllerException] Controller class JsController could not be found.
#0 /var/www/parfait/app/webroot/index.php(92): Dispatcher->dispatch(Object(CakeRequest), Object(CakeResponse))
#1 {main}
2013-03-21 02:41:13 Error: [MissingControllerException] Controller class FacebookController could not be found.
#0 /var/www/parfait/app/webroot/index.php(92): Dispatcher->dispatch(Object(CakeRequest), Object(CakeResponse))
#1 {main}
2013-03-21 02:41:13 Error: [MissingControllerException] Controller class FacebookController could not be found.
#0 /var/www/parfait/app/webroot/index.php(92): Dispatcher->dispatch(Object(CakeRequest), Object(CakeResponse))
#1 {main}
2013-03-21 02:41:55 Error: [MissingControllerException] Controller class FacebookController could not be found.
#0 /var/www/parfait/app/webroot/index.php(92): Dispatcher->dispatch(Object(CakeRequest), Object(CakeResponse))
#1 {main}
2013-03-21 02:41:55 Error: [MissingControllerException] Controller class JsController could not be found.
#0 /var/www/parfait/app/webroot/index.php(92): Dispatcher->dispatch(Object(CakeRequest), Object(CakeResponse))
#1 {main}
2013-03-21 02:41:56 Error: [MissingControllerException] Controller class FacebookController could not be found.
#0 /var/www/parfait/app/webroot/index.php(92): Dispatcher->dispatch(Object(CakeRequest), Object(CakeResponse))
#1 {main}
2013-03-21 02:42:16 Error: [MissingControllerException] Controller class FacebookController could not be found.
#0 /var/www/parfait/app/webroot/index.php(92): Dispatcher->dispatch(Object(CakeRequest), Object(CakeResponse))
#1 {main}
2013-03-21 02:42:16 Error: [MissingControllerException] Controller class JsController could not be found.
#0 /var/www/parfait/app/webroot/index.php(92): Dispatcher->dispatch(Object(CakeRequest), Object(CakeResponse))
#1 {main}
2013-03-21 02:42:16 Error: [MissingControllerException] Controller class FacebookController could not be found.
#0 /var/www/parfait/app/webroot/index.php(92): Dispatcher->dispatch(Object(CakeRequest), Object(CakeResponse))
#1 {main}
2013-03-21 02:42:55 Error: [MissingControllerException] Controller class JsController could not be found.
#0 /var/www/parfait/app/webroot/index.php(92): Dispatcher->dispatch(Object(CakeRequest), Object(CakeResponse))
#1 {main}
2013-03-21 02:42:55 Error: [MissingControllerException] Controller class FacebookController could not be found.
#0 /var/www/parfait/app/webroot/index.php(92): Dispatcher->dispatch(Object(CakeRequest), Object(CakeResponse))
#1 {main}
2013-03-21 02:42:55 Error: [MissingControllerException] Controller class FacebookController could not be found.
#0 /var/www/parfait/app/webroot/index.php(92): Dispatcher->dispatch(Object(CakeRequest), Object(CakeResponse))
#1 {main}
2013-03-21 02:43:11 Error: [MissingControllerException] Controller class FacebookController could not be found.
#0 /var/www/parfait/app/webroot/index.php(92): Dispatcher->dispatch(Object(CakeRequest), Object(CakeResponse))
#1 {main}
2013-03-21 02:44:25 Error: [MissingControllerException] Controller class JsController could not be found.
#0 /var/www/parfait/app/webroot/index.php(92): Dispatcher->dispatch(Object(CakeRequest), Object(CakeResponse))
#1 {main}
2013-03-21 02:44:25 Error: [MissingControllerException] Controller class FacebookController could not be found.
#0 /var/www/parfait/app/webroot/index.php(92): Dispatcher->dispatch(Object(CakeRequest), Object(CakeResponse))
#1 {main}
2013-03-21 02:44:25 Error: [MissingControllerException] Controller class FacebookController could not be found.
#0 /var/www/parfait/app/webroot/index.php(92): Dispatcher->dispatch(Object(CakeRequest), Object(CakeResponse))
#1 {main}
2013-03-21 02:45:21 Error: [MissingControllerException] Controller class JsController could not be found.
#0 /var/www/parfait/app/webroot/index.php(92): Dispatcher->dispatch(Object(CakeRequest), Object(CakeResponse))
#1 {main}
